| distributed init (rank 3): env://
| distributed init (rank 1): env://
| distributed init (rank 0): env://
| distributed init (rank 2): env://
gpua014:1567263:1567263 [0] NCCL INFO Bootstrap : Using eth1:172.28.23.14<0>
gpua014:1567263:1567263 [0] NCCL INFO NET/Plugin: No plugin found (libnccl-net.so)
gpua014:1567263:1567263 [0] NCCL INFO NET/Plugin: Plugin load returned 2 : libnccl-net.so: cannot open shared object file: No such file or directory : when loading libnccl-net.so
gpua014:1567263:1567263 [0] NCCL INFO NET/Plugin: Using internal network plugin.
gpua014:1567263:1567263 [0] NCCL INFO cudaDriverVersion 12040
NCCL version 2.21.5+cuda11.8
gpua014:1567265:1567265 [2] NCCL INFO cudaDriverVersion 12040
gpua014:1567266:1567266 [3] NCCL INFO cudaDriverVersion 12040
gpua014:1567264:1567264 [1] NCCL INFO cudaDriverVersion 12040
gpua014:1567266:1567266 [3] NCCL INFO Bootstrap : Using eth1:172.28.23.14<0>
gpua014:1567264:1567264 [1] NCCL INFO Bootstrap : Using eth1:172.28.23.14<0>
gpua014:1567265:1567265 [2] NCCL INFO Bootstrap : Using eth1:172.28.23.14<0>
gpua014:1567266:1567266 [3] NCCL INFO NET/Plugin: No plugin found (libnccl-net.so)
gpua014:1567266:1567266 [3] NCCL INFO NET/Plugin: Plugin load returned 2 : libnccl-net.so: cannot open shared object file: No such file or directory : when loading libnccl-net.so
gpua014:1567266:1567266 [3] NCCL INFO NET/Plugin: Using internal network plugin.
gpua014:1567264:1567264 [1] NCCL INFO NET/Plugin: No plugin found (libnccl-net.so)
gpua014:1567265:1567265 [2] NCCL INFO NET/Plugin: No plugin found (libnccl-net.so)
gpua014:1567264:1567264 [1] NCCL INFO NET/Plugin: Plugin load returned 2 : libnccl-net.so: cannot open shared object file: No such file or directory : when loading libnccl-net.so
gpua014:1567264:1567264 [1] NCCL INFO NET/Plugin: Using internal network plugin.
gpua014:1567265:1567265 [2] NCCL INFO NET/Plugin: Plugin load returned 2 : libnccl-net.so: cannot open shared object file: No such file or directory : when loading libnccl-net.so
gpua014:1567265:1567265 [2] NCCL INFO NET/Plugin: Using internal network plugin.
gpua014:1567266:1567309 [3] NCCL INFO NET/IB : No device found.
gpua014:1567263:1567308 [0] NCCL INFO NET/IB : No device found.
gpua014:1567264:1567310 [1] NCCL INFO NET/IB : No device found.
gpua014:1567265:1567311 [2] NCCL INFO NET/IB : No device found.
gpua014:1567263:1567308 [0] NCCL INFO NET/Socket : Using [0]eth1:172.28.23.14<0> [1]hsn0:172.28.86.14<0> [2]hsn0.561:141.142.254.14<0>
gpua014:1567266:1567309 [3] NCCL INFO NET/Socket : Using [0]eth1:172.28.23.14<0> [1]hsn0:172.28.86.14<0> [2]hsn0.561:141.142.254.14<0>
gpua014:1567266:1567309 [3] NCCL INFO Using non-device net plugin version 0
gpua014:1567266:1567309 [3] NCCL INFO Using network Socket
gpua014:1567263:1567308 [0] NCCL INFO Using non-device net plugin version 0
gpua014:1567263:1567308 [0] NCCL INFO Using network Socket
gpua014:1567265:1567311 [2] NCCL INFO NET/Socket : Using [0]eth1:172.28.23.14<0> [1]hsn0:172.28.86.14<0> [2]hsn0.561:141.142.254.14<0>
gpua014:1567264:1567310 [1] NCCL INFO NET/Socket : Using [0]eth1:172.28.23.14<0> [1]hsn0:172.28.86.14<0> [2]hsn0.561:141.142.254.14<0>
gpua014:1567265:1567311 [2] NCCL INFO Using non-device net plugin version 0
gpua014:1567265:1567311 [2] NCCL INFO Using network Socket
gpua014:1567264:1567310 [1] NCCL INFO Using non-device net plugin version 0
gpua014:1567264:1567310 [1] NCCL INFO Using network Socket
gpua014:1567264:1567310 [1] NCCL INFO ncclCommInitRank comm 0xb11a2b0 rank 1 nranks 4 cudaDev 1 nvmlDev 1 busId 46000 commId 0xc5caa54d629482c2 - Init START
gpua014:1567263:1567308 [0] NCCL INFO ncclCommInitRank comm 0x9f09bc0 rank 0 nranks 4 cudaDev 0 nvmlDev 0 busId 7000 commId 0xc5caa54d629482c2 - Init START
gpua014:1567266:1567309 [3] NCCL INFO ncclCommInitRank comm 0x9cdb910 rank 3 nranks 4 cudaDev 3 nvmlDev 3 busId c7000 commId 0xc5caa54d629482c2 - Init START
gpua014:1567265:1567311 [2] NCCL INFO ncclCommInitRank comm 0x9a9f1b0 rank 2 nranks 4 cudaDev 2 nvmlDev 2 busId 85000 commId 0xc5caa54d629482c2 - Init START
gpua014:1567266:1567309 [3] NCCL INFO Setting affinity for GPU 3 to ffff
gpua014:1567263:1567308 [0] NCCL INFO Setting affinity for GPU 0 to ffff0000,00000000
gpua014:1567264:1567310 [1] NCCL INFO Setting affinity for GPU 1 to ffff,00000000
gpua014:1567265:1567311 [2] NCCL INFO Setting affinity for GPU 2 to ffff0000
gpua014:1567264:1567310 [1] NCCL INFO comm 0xb11a2b0 rank 1 nRanks 4 nNodes 1 localRanks 4 localRank 1 MNNVL 0
gpua014:1567265:1567311 [2] NCCL INFO comm 0x9a9f1b0 rank 2 nRanks 4 nNodes 1 localRanks 4 localRank 2 MNNVL 0
gpua014:1567266:1567309 [3] NCCL INFO comm 0x9cdb910 rank 3 nRanks 4 nNodes 1 localRanks 4 localRank 3 MNNVL 0
gpua014:1567263:1567308 [0] NCCL INFO comm 0x9f09bc0 rank 0 nRanks 4 nNodes 1 localRanks 4 localRank 0 MNNVL 0
gpua014:1567264:1567310 [1] NCCL INFO Trees [0] 2/-1/-1->1->0 [1] 2/-1/-1->1->0 [2] 2/-1/-1->1->0 [3] 2/-1/-1->1->0 [4] 3/-1/-1->1->2 [5] 3/-1/-1->1->2 [6] 3/-1/-1->1->2 [7] 3/-1/-1->1->2 [8] 0/-1/-1->1->-1 [9] 0/-1/-1->1->-1 [10] 0/-1/-1->1->-1 [11] 0/-1/-1->1->-1 [12] 2/-1/-1->1->0 [13] 2/-1/-1->1->0 [14] 2/-1/-1->1->0 [15] 2/-1/-1->1->0 [16] 3/-1/-1->1->2 [17] 3/-1/-1->1->2 [18] 3/-1/-1->1->2 [19] 3/-1/-1->1->2 [20] 0/-1/-1->1->-1 [21] 0/-1/-1->1->-1 [22] 0/-1/-1->1->-1 [23] 0/-1/-1->1->-1
gpua014:1567264:1567310 [1] NCCL INFO P2P Chunksize set to 524288
gpua014:1567265:1567311 [2] NCCL INFO Trees [0] 3/-1/-1->2->1 [1] 3/-1/-1->2->1 [2] 3/-1/-1->2->1 [3] 3/-1/-1->2->1 [4] 1/-1/-1->2->0 [5] 1/-1/-1->2->0 [6] 1/-1/-1->2->0 [7] 1/-1/-1->2->0 [8] -1/-1/-1->2->3 [9] -1/-1/-1->2->3 [10] -1/-1/-1->2->3 [11] -1/-1/-1->2->3 [12] 3/-1/-1->2->1 [13] 3/-1/-1->2->1 [14] 3/-1/-1->2->1 [15] 3/-1/-1->2->1 [16] 1/-1/-1->2->0 [17] 1/-1/-1->2->0 [18] 1/-1/-1->2->0 [19] 1/-1/-1->2->0 [20] -1/-1/-1->2->3 [21] -1/-1/-1->2->3 [22] -1/-1/-1->2->3 [23] -1/-1/-1->2->3
gpua014:1567263:1567308 [0] NCCL INFO Channel 00/24 :    0   1   2   3
gpua014:1567265:1567311 [2] NCCL INFO P2P Chunksize set to 524288
gpua014:1567263:1567308 [0] NCCL INFO Channel 01/24 :    0   1   3   2
gpua014:1567266:1567309 [3] NCCL INFO Trees [0] -1/-1/-1->3->2 [1] -1/-1/-1->3->2 [2] -1/-1/-1->3->2 [3] -1/-1/-1->3->2 [4] -1/-1/-1->3->1 [5] -1/-1/-1->3->1 [6] -1/-1/-1->3->1 [7] -1/-1/-1->3->1 [8] 2/-1/-1->3->0 [9] 2/-1/-1->3->0 [10] 2/-1/-1->3->0 [11] 2/-1/-1->3->0 [12] -1/-1/-1->3->2 [13] -1/-1/-1->3->2 [14] -1/-1/-1->3->2 [15] -1/-1/-1->3->2 [16] -1/-1/-1->3->1 [17] -1/-1/-1->3->1 [18] -1/-1/-1->3->1 [19] -1/-1/-1->3->1 [20] 2/-1/-1->3->0 [21] 2/-1/-1->3->0 [22] 2/-1/-1->3->0 [23] 2/-1/-1->3->0
gpua014:1567263:1567308 [0] NCCL INFO Channel 02/24 :    0   2   3   1
gpua014:1567266:1567309 [3] NCCL INFO P2P Chunksize set to 524288
gpua014:1567263:1567308 [0] NCCL INFO Channel 03/24 :    0   2   1   3
gpua014:1567263:1567308 [0] NCCL INFO Channel 04/24 :    0   3   1   2
gpua014:1567263:1567308 [0] NCCL INFO Channel 05/24 :    0   3   2   1
gpua014:1567263:1567308 [0] NCCL INFO Channel 06/24 :    0   1   2   3
gpua014:1567263:1567308 [0] NCCL INFO Channel 07/24 :    0   1   3   2
gpua014:1567263:1567308 [0] NCCL INFO Channel 08/24 :    0   2   3   1
gpua014:1567263:1567308 [0] NCCL INFO Channel 09/24 :    0   2   1   3
gpua014:1567263:1567308 [0] NCCL INFO Channel 10/24 :    0   3   1   2
gpua014:1567263:1567308 [0] NCCL INFO Channel 11/24 :    0   3   2   1
gpua014:1567263:1567308 [0] NCCL INFO Channel 12/24 :    0   1   2   3
gpua014:1567263:1567308 [0] NCCL INFO Channel 13/24 :    0   1   3   2
gpua014:1567263:1567308 [0] NCCL INFO Channel 14/24 :    0   2   3   1
gpua014:1567263:1567308 [0] NCCL INFO Channel 15/24 :    0   2   1   3
gpua014:1567263:1567308 [0] NCCL INFO Channel 16/24 :    0   3   1   2
gpua014:1567263:1567308 [0] NCCL INFO Channel 17/24 :    0   3   2   1
gpua014:1567263:1567308 [0] NCCL INFO Channel 18/24 :    0   1   2   3
gpua014:1567263:1567308 [0] NCCL INFO Channel 19/24 :    0   1   3   2
gpua014:1567263:1567308 [0] NCCL INFO Channel 20/24 :    0   2   3   1
gpua014:1567263:1567308 [0] NCCL INFO Channel 21/24 :    0   2   1   3
gpua014:1567263:1567308 [0] NCCL INFO Channel 22/24 :    0   3   1   2
gpua014:1567263:1567308 [0] NCCL INFO Channel 23/24 :    0   3   2   1
gpua014:1567263:1567308 [0] NCCL INFO Trees [0] 1/-1/-1->0->-1 [1] 1/-1/-1->0->-1 [2] 1/-1/-1->0->-1 [3] 1/-1/-1->0->-1 [4] 2/-1/-1->0->-1 [5] 2/-1/-1->0->-1 [6] 2/-1/-1->0->-1 [7] 2/-1/-1->0->-1 [8] 3/-1/-1->0->1 [9] 3/-1/-1->0->1 [10] 3/-1/-1->0->1 [11] 3/-1/-1->0->1 [12] 1/-1/-1->0->-1 [13] 1/-1/-1->0->-1 [14] 1/-1/-1->0->-1 [15] 1/-1/-1->0->-1 [16] 2/-1/-1->0->-1 [17] 2/-1/-1->0->-1 [18] 2/-1/-1->0->-1 [19] 2/-1/-1->0->-1 [20] 3/-1/-1->0->1 [21] 3/-1/-1->0->1 [22] 3/-1/-1->0->1 [23] 3/-1/-1->0->1
gpua014:1567263:1567308 [0] NCCL INFO P2P Chunksize set to 524288
gpua014:1567266:1567309 [3] NCCL INFO Channel 00/0 : 3[3] -> 0[0] via P2P/CUMEM/read
gpua014:1567265:1567311 [2] NCCL INFO Channel 00/0 : 2[2] -> 3[3] via P2P/CUMEM/read
gpua014:1567263:1567308 [0] NCCL INFO Channel 00/0 : 0[0] -> 1[1] via P2P/CUMEM/read
gpua014:1567266:1567309 [3] NCCL INFO Channel 03/0 : 3[3] -> 0[0] via P2P/CUMEM/read
gpua014:1567264:1567310 [1] NCCL INFO Channel 00/0 : 1[1] -> 2[2] via P2P/CUMEM/read
gpua014:1567265:1567311 [2] NCCL INFO Channel 02/0 : 2[2] -> 3[3] via P2P/CUMEM/read
gpua014:1567263:1567308 [0] NCCL INFO Channel 01/0 : 0[0] -> 1[1] via P2P/CUMEM/read
gpua014:1567266:1567309 [3] NCCL INFO Channel 06/0 : 3[3] -> 0[0] via P2P/CUMEM/read
gpua014:1567264:1567310 [1] NCCL INFO Channel 04/0 : 1[1] -> 2[2] via P2P/CUMEM/read
gpua014:1567265:1567311 [2] NCCL INFO Channel 06/0 : 2[2] -> 3[3] via P2P/CUMEM/read
gpua014:1567263:1567308 [0] NCCL INFO Channel 06/0 : 0[0] -> 1[1] via P2P/CUMEM/read
gpua014:1567266:1567309 [3] NCCL INFO Channel 09/0 : 3[3] -> 0[0] via P2P/CUMEM/read
gpua014:1567264:1567310 [1] NCCL INFO Channel 06/0 : 1[1] -> 2[2] via P2P/CUMEM/read
gpua014:1567265:1567311 [2] NCCL INFO Channel 08/0 : 2[2] -> 3[3] via P2P/CUMEM/read
gpua014:1567263:1567308 [0] NCCL INFO Channel 07/0 : 0[0] -> 1[1] via P2P/CUMEM/read
gpua014:1567266:1567309 [3] NCCL INFO Channel 12/0 : 3[3] -> 0[0] via P2P/CUMEM/read
gpua014:1567264:1567310 [1] NCCL INFO Channel 10/0 : 1[1] -> 2[2] via P2P/CUMEM/read
gpua014:1567265:1567311 [2] NCCL INFO Channel 12/0 : 2[2] -> 3[3] via P2P/CUMEM/read
gpua014:1567263:1567308 [0] NCCL INFO Channel 12/0 : 0[0] -> 1[1] via P2P/CUMEM/read
gpua014:1567266:1567309 [3] NCCL INFO Channel 15/0 : 3[3] -> 0[0] via P2P/CUMEM/read
gpua014:1567264:1567310 [1] NCCL INFO Channel 12/0 : 1[1] -> 2[2] via P2P/CUMEM/read
gpua014:1567265:1567311 [2] NCCL INFO Channel 14/0 : 2[2] -> 3[3] via P2P/CUMEM/read
gpua014:1567263:1567308 [0] NCCL INFO Channel 13/0 : 0[0] -> 1[1] via P2P/CUMEM/read
gpua014:1567266:1567309 [3] NCCL INFO Channel 18/0 : 3[3] -> 0[0] via P2P/CUMEM/read
gpua014:1567264:1567310 [1] NCCL INFO Channel 16/0 : 1[1] -> 2[2] via P2P/CUMEM/read
gpua014:1567265:1567311 [2] NCCL INFO Channel 18/0 : 2[2] -> 3[3] via P2P/CUMEM/read
gpua014:1567263:1567308 [0] NCCL INFO Channel 18/0 : 0[0] -> 1[1] via P2P/CUMEM/read
gpua014:1567266:1567309 [3] NCCL INFO Channel 21/0 : 3[3] -> 0[0] via P2P/CUMEM/read
gpua014:1567264:1567310 [1] NCCL INFO Channel 18/0 : 1[1] -> 2[2] via P2P/CUMEM/read
gpua014:1567265:1567311 [2] NCCL INFO Channel 20/0 : 2[2] -> 3[3] via P2P/CUMEM/read
gpua014:1567263:1567308 [0] NCCL INFO Channel 19/0 : 0[0] -> 1[1] via P2P/CUMEM/read
gpua014:1567264:1567310 [1] NCCL INFO Channel 22/0 : 1[1] -> 2[2] via P2P/CUMEM/read
gpua014:1567266:1567309 [3] NCCL INFO Channel 02/0 : 3[3] -> 1[1] via P2P/CUMEM/read
gpua014:1567263:1567308 [0] NCCL INFO Channel 02/0 : 0[0] -> 2[2] via P2P/CUMEM/read
gpua014:1567265:1567311 [2] NCCL INFO Channel 01/0 : 2[2] -> 0[0] via P2P/CUMEM/read
gpua014:1567264:1567310 [1] NCCL INFO Channel 01/0 : 1[1] -> 3[3] via P2P/CUMEM/read
gpua014:1567266:1567309 [3] NCCL INFO Channel 04/0 : 3[3] -> 1[1] via P2P/CUMEM/read
gpua014:1567263:1567308 [0] NCCL INFO Channel 03/0 : 0[0] -> 2[2] via P2P/CUMEM/read
gpua014:1567265:1567311 [2] NCCL INFO Channel 04/0 : 2[2] -> 0[0] via P2P/CUMEM/read
gpua014:1567264:1567310 [1] NCCL INFO Channel 03/0 : 1[1] -> 3[3] via P2P/CUMEM/read
gpua014:1567266:1567309 [3] NCCL INFO Channel 08/0 : 3[3] -> 1[1] via P2P/CUMEM/read
gpua014:1567263:1567308 [0] NCCL INFO Channel 08/0 : 0[0] -> 2[2] via P2P/CUMEM/read
gpua014:1567265:1567311 [2] NCCL INFO Channel 07/0 : 2[2] -> 0[0] via P2P/CUMEM/read
gpua014:1567264:1567310 [1] NCCL INFO Channel 07/0 : 1[1] -> 3[3] via P2P/CUMEM/read
gpua014:1567266:1567309 [3] NCCL INFO Channel 10/0 : 3[3] -> 1[1] via P2P/CUMEM/read
gpua014:1567263:1567308 [0] NCCL INFO Channel 09/0 : 0[0] -> 2[2] via P2P/CUMEM/read
gpua014:1567265:1567311 [2] NCCL INFO Channel 10/0 : 2[2] -> 0[0] via P2P/CUMEM/read
gpua014:1567264:1567310 [1] NCCL INFO Channel 09/0 : 1[1] -> 3[3] via P2P/CUMEM/read
gpua014:1567266:1567309 [3] NCCL INFO Channel 14/0 : 3[3] -> 1[1] via P2P/CUMEM/read
gpua014:1567263:1567308 [0] NCCL INFO Channel 14/0 : 0[0] -> 2[2] via P2P/CUMEM/read
gpua014:1567265:1567311 [2] NCCL INFO Channel 13/0 : 2[2] -> 0[0] via P2P/CUMEM/read
gpua014:1567264:1567310 [1] NCCL INFO Channel 13/0 : 1[1] -> 3[3] via P2P/CUMEM/read
gpua014:1567266:1567309 [3] NCCL INFO Channel 16/0 : 3[3] -> 1[1] via P2P/CUMEM/read
gpua014:1567263:1567308 [0] NCCL INFO Channel 15/0 : 0[0] -> 2[2] via P2P/CUMEM/read
gpua014:1567265:1567311 [2] NCCL INFO Channel 16/0 : 2[2] -> 0[0] via P2P/CUMEM/read
gpua014:1567264:1567310 [1] NCCL INFO Channel 15/0 : 1[1] -> 3[3] via P2P/CUMEM/read
gpua014:1567266:1567309 [3] NCCL INFO Channel 20/0 : 3[3] -> 1[1] via P2P/CUMEM/read
gpua014:1567263:1567308 [0] NCCL INFO Channel 20/0 : 0[0] -> 2[2] via P2P/CUMEM/read
gpua014:1567265:1567311 [2] NCCL INFO Channel 19/0 : 2[2] -> 0[0] via P2P/CUMEM/read
gpua014:1567264:1567310 [1] NCCL INFO Channel 19/0 : 1[1] -> 3[3] via P2P/CUMEM/read
gpua014:1567266:1567309 [3] NCCL INFO Channel 22/0 : 3[3] -> 1[1] via P2P/CUMEM/read
gpua014:1567263:1567308 [0] NCCL INFO Channel 21/0 : 0[0] -> 2[2] via P2P/CUMEM/read
gpua014:1567265:1567311 [2] NCCL INFO Channel 22/0 : 2[2] -> 0[0] via P2P/CUMEM/read
gpua014:1567264:1567310 [1] NCCL INFO Channel 21/0 : 1[1] -> 3[3] via P2P/CUMEM/read
gpua014:1567263:1567308 [0] NCCL INFO Channel 04/0 : 0[0] -> 3[3] via P2P/CUMEM/read
gpua014:1567266:1567309 [3] NCCL INFO Channel 01/0 : 3[3] -> 2[2] via P2P/CUMEM/read
gpua014:1567265:1567311 [2] NCCL INFO Channel 03/0 : 2[2] -> 1[1] via P2P/CUMEM/read
gpua014:1567264:1567310 [1] NCCL INFO Channel 02/0 : 1[1] -> 0[0] via P2P/CUMEM/read
gpua014:1567263:1567308 [0] NCCL INFO Channel 05/0 : 0[0] -> 3[3] via P2P/CUMEM/read
gpua014:1567266:1567309 [3] NCCL INFO Channel 05/0 : 3[3] -> 2[2] via P2P/CUMEM/read
gpua014:1567265:1567311 [2] NCCL INFO Channel 05/0 : 2[2] -> 1[1] via P2P/CUMEM/read
gpua014:1567264:1567310 [1] NCCL INFO Channel 05/0 : 1[1] -> 0[0] via P2P/CUMEM/read
gpua014:1567263:1567308 [0] NCCL INFO Channel 10/0 : 0[0] -> 3[3] via P2P/CUMEM/read
gpua014:1567266:1567309 [3] NCCL INFO Channel 07/0 : 3[3] -> 2[2] via P2P/CUMEM/read
gpua014:1567265:1567311 [2] NCCL INFO Channel 09/0 : 2[2] -> 1[1] via P2P/CUMEM/read
gpua014:1567264:1567310 [1] NCCL INFO Channel 08/0 : 1[1] -> 0[0] via P2P/CUMEM/read
gpua014:1567263:1567308 [0] NCCL INFO Channel 11/0 : 0[0] -> 3[3] via P2P/CUMEM/read
gpua014:1567266:1567309 [3] NCCL INFO Channel 11/0 : 3[3] -> 2[2] via P2P/CUMEM/read
gpua014:1567265:1567311 [2] NCCL INFO Channel 11/0 : 2[2] -> 1[1] via P2P/CUMEM/read
gpua014:1567264:1567310 [1] NCCL INFO Channel 11/0 : 1[1] -> 0[0] via P2P/CUMEM/read
gpua014:1567263:1567308 [0] NCCL INFO Channel 16/0 : 0[0] -> 3[3] via P2P/CUMEM/read
gpua014:1567266:1567309 [3] NCCL INFO Channel 13/0 : 3[3] -> 2[2] via P2P/CUMEM/read
gpua014:1567265:1567311 [2] NCCL INFO Channel 15/0 : 2[2] -> 1[1] via P2P/CUMEM/read
gpua014:1567264:1567310 [1] NCCL INFO Channel 14/0 : 1[1] -> 0[0] via P2P/CUMEM/read
gpua014:1567263:1567308 [0] NCCL INFO Channel 17/0 : 0[0] -> 3[3] via P2P/CUMEM/read
gpua014:1567266:1567309 [3] NCCL INFO Channel 17/0 : 3[3] -> 2[2] via P2P/CUMEM/read
gpua014:1567265:1567311 [2] NCCL INFO Channel 17/0 : 2[2] -> 1[1] via P2P/CUMEM/read
gpua014:1567264:1567310 [1] NCCL INFO Channel 17/0 : 1[1] -> 0[0] via P2P/CUMEM/read
gpua014:1567263:1567308 [0] NCCL INFO Channel 22/0 : 0[0] -> 3[3] via P2P/CUMEM/read
gpua014:1567266:1567309 [3] NCCL INFO Channel 19/0 : 3[3] -> 2[2] via P2P/CUMEM/read
gpua014:1567265:1567311 [2] NCCL INFO Channel 21/0 : 2[2] -> 1[1] via P2P/CUMEM/read
gpua014:1567264:1567310 [1] NCCL INFO Channel 20/0 : 1[1] -> 0[0] via P2P/CUMEM/read
gpua014:1567263:1567308 [0] NCCL INFO Channel 23/0 : 0[0] -> 3[3] via P2P/CUMEM/read
gpua014:1567266:1567309 [3] NCCL INFO Channel 23/0 : 3[3] -> 2[2] via P2P/CUMEM/read
gpua014:1567265:1567311 [2] NCCL INFO Channel 23/0 : 2[2] -> 1[1] via P2P/CUMEM/read
gpua014:1567264:1567310 [1] NCCL INFO Channel 23/0 : 1[1] -> 0[0] via P2P/CUMEM/read
gpua014:1567265:1567311 [2] NCCL INFO Connected all rings
gpua014:1567263:1567308 [0] NCCL INFO Connected all rings
gpua014:1567266:1567309 [3] NCCL INFO Connected all rings
gpua014:1567264:1567310 [1] NCCL INFO Connected all rings
gpua014:1567263:1567308 [0] NCCL INFO Channel 02/0 : 0[0] -> 1[1] via P2P/CUMEM/read
gpua014:1567263:1567308 [0] NCCL INFO Channel 03/0 : 0[0] -> 1[1] via P2P/CUMEM/read
gpua014:1567263:1567308 [0] NCCL INFO Channel 08/0 : 0[0] -> 1[1] via P2P/CUMEM/read
gpua014:1567263:1567308 [0] NCCL INFO Channel 09/0 : 0[0] -> 1[1] via P2P/CUMEM/read
gpua014:1567265:1567311 [2] NCCL INFO Channel 01/0 : 2[2] -> 3[3] via P2P/CUMEM/read
gpua014:1567263:1567308 [0] NCCL INFO Channel 10/0 : 0[0] -> 1[1] via P2P/CUMEM/read
gpua014:1567265:1567311 [2] NCCL INFO Channel 03/0 : 2[2] -> 3[3] via P2P/CUMEM/read
gpua014:1567263:1567308 [0] NCCL INFO Channel 11/0 : 0[0] -> 1[1] via P2P/CUMEM/read
gpua014:1567265:1567311 [2] NCCL INFO Channel 09/0 : 2[2] -> 3[3] via P2P/CUMEM/read
gpua014:1567263:1567308 [0] NCCL INFO Channel 14/0 : 0[0] -> 1[1] via P2P/CUMEM/read
gpua014:1567264:1567310 [1] NCCL INFO Channel 01/0 : 1[1] -> 2[2] via P2P/CUMEM/read
gpua014:1567265:1567311 [2] NCCL INFO Channel 10/0 : 2[2] -> 3[3] via P2P/CUMEM/read
gpua014:1567263:1567308 [0] NCCL INFO Channel 15/0 : 0[0] -> 1[1] via P2P/CUMEM/read
gpua014:1567264:1567310 [1] NCCL INFO Channel 02/0 : 1[1] -> 2[2] via P2P/CUMEM/read
gpua014:1567265:1567311 [2] NCCL INFO Channel 11/0 : 2[2] -> 3[3] via P2P/CUMEM/read
gpua014:1567263:1567308 [0] NCCL INFO Channel 20/0 : 0[0] -> 1[1] via P2P/CUMEM/read
gpua014:1567264:1567310 [1] NCCL INFO Channel 03/0 : 1[1] -> 2[2] via P2P/CUMEM/read
gpua014:1567266:1567309 [3] NCCL INFO Channel 08/0 : 3[3] -> 0[0] via P2P/CUMEM/read
gpua014:1567265:1567311 [2] NCCL INFO Channel 13/0 : 2[2] -> 3[3] via P2P/CUMEM/read
gpua014:1567263:1567308 [0] NCCL INFO Channel 21/0 : 0[0] -> 1[1] via P2P/CUMEM/read
gpua014:1567264:1567310 [1] NCCL INFO Channel 05/0 : 1[1] -> 2[2] via P2P/CUMEM/read
gpua014:1567266:1567309 [3] NCCL INFO Channel 10/0 : 3[3] -> 0[0] via P2P/CUMEM/read
gpua014:1567265:1567311 [2] NCCL INFO Channel 15/0 : 2[2] -> 3[3] via P2P/CUMEM/read
gpua014:1567263:1567308 [0] NCCL INFO Channel 22/0 : 0[0] -> 1[1] via P2P/CUMEM/read
gpua014:1567264:1567310 [1] NCCL INFO Channel 07/0 : 1[1] -> 2[2] via P2P/CUMEM/read
gpua014:1567266:1567309 [3] NCCL INFO Channel 11/0 : 3[3] -> 0[0] via P2P/CUMEM/read
gpua014:1567265:1567311 [2] NCCL INFO Channel 21/0 : 2[2] -> 3[3] via P2P/CUMEM/read
gpua014:1567263:1567308 [0] NCCL INFO Channel 23/0 : 0[0] -> 1[1] via P2P/CUMEM/read
gpua014:1567264:1567310 [1] NCCL INFO Channel 13/0 : 1[1] -> 2[2] via P2P/CUMEM/read
gpua014:1567266:1567309 [3] NCCL INFO Channel 20/0 : 3[3] -> 0[0] via P2P/CUMEM/read
gpua014:1567265:1567311 [2] NCCL INFO Channel 22/0 : 2[2] -> 3[3] via P2P/CUMEM/read
gpua014:1567264:1567310 [1] NCCL INFO Channel 14/0 : 1[1] -> 2[2] via P2P/CUMEM/read
gpua014:1567266:1567309 [3] NCCL INFO Channel 22/0 : 3[3] -> 0[0] via P2P/CUMEM/read
gpua014:1567265:1567311 [2] NCCL INFO Channel 23/0 : 2[2] -> 3[3] via P2P/CUMEM/read
gpua014:1567264:1567310 [1] NCCL INFO Channel 15/0 : 1[1] -> 2[2] via P2P/CUMEM/read
gpua014:1567266:1567309 [3] NCCL INFO Channel 23/0 : 3[3] -> 0[0] via P2P/CUMEM/read
gpua014:1567264:1567310 [1] NCCL INFO Channel 17/0 : 1[1] -> 2[2] via P2P/CUMEM/read
gpua014:1567264:1567310 [1] NCCL INFO Channel 19/0 : 1[1] -> 2[2] via P2P/CUMEM/read
gpua014:1567263:1567308 [0] NCCL INFO Channel 04/0 : 0[0] -> 2[2] via P2P/CUMEM/read
gpua014:1567266:1567309 [3] NCCL INFO Channel 05/0 : 3[3] -> 1[1] via P2P/CUMEM/read
gpua014:1567263:1567308 [0] NCCL INFO Channel 05/0 : 0[0] -> 2[2] via P2P/CUMEM/read
gpua014:1567266:1567309 [3] NCCL INFO Channel 06/0 : 3[3] -> 1[1] via P2P/CUMEM/read
gpua014:1567263:1567308 [0] NCCL INFO Channel 06/0 : 0[0] -> 2[2] via P2P/CUMEM/read
gpua014:1567264:1567310 [1] NCCL INFO Channel 04/0 : 1[1] -> 3[3] via P2P/CUMEM/read
gpua014:1567266:1567309 [3] NCCL INFO Channel 07/0 : 3[3] -> 1[1] via P2P/CUMEM/read
gpua014:1567263:1567308 [0] NCCL INFO Channel 07/0 : 0[0] -> 2[2] via P2P/CUMEM/read
gpua014:1567264:1567310 [1] NCCL INFO Channel 05/0 : 1[1] -> 3[3] via P2P/CUMEM/read
gpua014:1567266:1567309 [3] NCCL INFO Channel 17/0 : 3[3] -> 1[1] via P2P/CUMEM/read
gpua014:1567263:1567308 [0] NCCL INFO Channel 16/0 : 0[0] -> 2[2] via P2P/CUMEM/read
gpua014:1567265:1567311 [2] NCCL INFO Channel 05/0 : 2[2] -> 0[0] via P2P/CUMEM/read
gpua014:1567264:1567310 [1] NCCL INFO Channel 06/0 : 1[1] -> 3[3] via P2P/CUMEM/read
gpua014:1567266:1567309 [3] NCCL INFO Channel 18/0 : 3[3] -> 1[1] via P2P/CUMEM/read
gpua014:1567263:1567308 [0] NCCL INFO Channel 17/0 : 0[0] -> 2[2] via P2P/CUMEM/read
gpua014:1567265:1567311 [2] NCCL INFO Channel 06/0 : 2[2] -> 0[0] via P2P/CUMEM/read
gpua014:1567264:1567310 [1] NCCL INFO Channel 16/0 : 1[1] -> 3[3] via P2P/CUMEM/read
gpua014:1567266:1567309 [3] NCCL INFO Channel 19/0 : 3[3] -> 1[1] via P2P/CUMEM/read
gpua014:1567263:1567308 [0] NCCL INFO Channel 18/0 : 0[0] -> 2[2] via P2P/CUMEM/read
gpua014:1567265:1567311 [2] NCCL INFO Channel 17/0 : 2[2] -> 0[0] via P2P/CUMEM/read
gpua014:1567264:1567310 [1] NCCL INFO Channel 17/0 : 1[1] -> 3[3] via P2P/CUMEM/read
gpua014:1567263:1567308 [0] NCCL INFO Channel 19/0 : 0[0] -> 2[2] via P2P/CUMEM/read
gpua014:1567265:1567311 [2] NCCL INFO Channel 18/0 : 2[2] -> 0[0] via P2P/CUMEM/read
gpua014:1567264:1567310 [1] NCCL INFO Channel 18/0 : 1[1] -> 3[3] via P2P/CUMEM/read
gpua014:1567266:1567309 [3] NCCL INFO Channel 00/0 : 3[3] -> 2[2] via P2P/CUMEM/read
gpua014:1567266:1567309 [3] NCCL INFO Channel 02/0 : 3[3] -> 2[2] via P2P/CUMEM/read
gpua014:1567266:1567309 [3] NCCL INFO Channel 03/0 : 3[3] -> 2[2] via P2P/CUMEM/read
gpua014:1567266:1567309 [3] NCCL INFO Channel 08/0 : 3[3] -> 2[2] via P2P/CUMEM/read
gpua014:1567266:1567309 [3] NCCL INFO Channel 09/0 : 3[3] -> 2[2] via P2P/CUMEM/read
gpua014:1567266:1567309 [3] NCCL INFO Channel 10/0 : 3[3] -> 2[2] via P2P/CUMEM/read
gpua014:1567263:1567308 [0] NCCL INFO Channel 08/0 : 0[0] -> 3[3] via P2P/CUMEM/read
gpua014:1567266:1567309 [3] NCCL INFO Channel 12/0 : 3[3] -> 2[2] via P2P/CUMEM/read
gpua014:1567263:1567308 [0] NCCL INFO Channel 09/0 : 0[0] -> 3[3] via P2P/CUMEM/read
gpua014:1567266:1567309 [3] NCCL INFO Channel 14/0 : 3[3] -> 2[2] via P2P/CUMEM/read
gpua014:1567263:1567308 [0] NCCL INFO Channel 20/0 : 0[0] -> 3[3] via P2P/CUMEM/read
gpua014:1567266:1567309 [3] NCCL INFO Channel 15/0 : 3[3] -> 2[2] via P2P/CUMEM/read
gpua014:1567264:1567310 [1] NCCL INFO Channel 00/0 : 1[1] -> 0[0] via P2P/CUMEM/read
gpua014:1567263:1567308 [0] NCCL INFO Channel 21/0 : 0[0] -> 3[3] via P2P/CUMEM/read
gpua014:1567265:1567311 [2] NCCL INFO Channel 00/0 : 2[2] -> 1[1] via P2P/CUMEM/read
gpua014:1567266:1567309 [3] NCCL INFO Channel 20/0 : 3[3] -> 2[2] via P2P/CUMEM/read
gpua014:1567264:1567310 [1] NCCL INFO Channel 01/0 : 1[1] -> 0[0] via P2P/CUMEM/read
gpua014:1567265:1567311 [2] NCCL INFO Channel 01/0 : 2[2] -> 1[1] via P2P/CUMEM/read
gpua014:1567266:1567309 [3] NCCL INFO Channel 21/0 : 3[3] -> 2[2] via P2P/CUMEM/read
gpua014:1567264:1567310 [1] NCCL INFO Channel 03/0 : 1[1] -> 0[0] via P2P/CUMEM/read
gpua014:1567265:1567311 [2] NCCL INFO Channel 02/0 : 2[2] -> 1[1] via P2P/CUMEM/read
gpua014:1567266:1567309 [3] NCCL INFO Channel 22/0 : 3[3] -> 2[2] via P2P/CUMEM/read
gpua014:1567264:1567310 [1] NCCL INFO Channel 09/0 : 1[1] -> 0[0] via P2P/CUMEM/read
gpua014:1567265:1567311 [2] NCCL INFO Channel 04/0 : 2[2] -> 1[1] via P2P/CUMEM/read
gpua014:1567264:1567310 [1] NCCL INFO Channel 10/0 : 1[1] -> 0[0] via P2P/CUMEM/read
gpua014:1567265:1567311 [2] NCCL INFO Channel 06/0 : 2[2] -> 1[1] via P2P/CUMEM/read
gpua014:1567264:1567310 [1] NCCL INFO Channel 12/0 : 1[1] -> 0[0] via P2P/CUMEM/read
gpua014:1567265:1567311 [2] NCCL INFO Channel 07/0 : 2[2] -> 1[1] via P2P/CUMEM/read
gpua014:1567264:1567310 [1] NCCL INFO Channel 13/0 : 1[1] -> 0[0] via P2P/CUMEM/read
gpua014:1567265:1567311 [2] NCCL INFO Channel 12/0 : 2[2] -> 1[1] via P2P/CUMEM/read
gpua014:1567264:1567310 [1] NCCL INFO Channel 15/0 : 1[1] -> 0[0] via P2P/CUMEM/read
gpua014:1567265:1567311 [2] NCCL INFO Channel 13/0 : 2[2] -> 1[1] via P2P/CUMEM/read
gpua014:1567264:1567310 [1] NCCL INFO Channel 21/0 : 1[1] -> 0[0] via P2P/CUMEM/read
gpua014:1567265:1567311 [2] NCCL INFO Channel 14/0 : 2[2] -> 1[1] via P2P/CUMEM/read
gpua014:1567264:1567310 [1] NCCL INFO Channel 22/0 : 1[1] -> 0[0] via P2P/CUMEM/read
gpua014:1567265:1567311 [2] NCCL INFO Channel 16/0 : 2[2] -> 1[1] via P2P/CUMEM/read
gpua014:1567265:1567311 [2] NCCL INFO Channel 18/0 : 2[2] -> 1[1] via P2P/CUMEM/read
gpua014:1567265:1567311 [2] NCCL INFO Channel 19/0 : 2[2] -> 1[1] via P2P/CUMEM/read
gpua014:1567264:1567310 [1] NCCL INFO Connected all trees
gpua014:1567264:1567310 [1] NCCL INFO threadThresholds 8/8/64 | 32/8/64 | 512 | 512
gpua014:1567264:1567310 [1] NCCL INFO 24 coll channels, 24 collnet channels, 0 nvls channels, 32 p2p channels, 8 p2p channels per peer
gpua014:1567265:1567311 [2] NCCL INFO Connected all trees
gpua014:1567265:1567311 [2] NCCL INFO threadThresholds 8/8/64 | 32/8/64 | 512 | 512
gpua014:1567265:1567311 [2] NCCL INFO 24 coll channels, 24 collnet channels, 0 nvls channels, 32 p2p channels, 8 p2p channels per peer
gpua014:1567263:1567308 [0] NCCL INFO Connected all trees
gpua014:1567266:1567309 [3] NCCL INFO Connected all trees
gpua014:1567266:1567309 [3] NCCL INFO threadThresholds 8/8/64 | 32/8/64 | 512 | 512
gpua014:1567266:1567309 [3] NCCL INFO 24 coll channels, 24 collnet channels, 0 nvls channels, 32 p2p channels, 8 p2p channels per peer
gpua014:1567263:1567308 [0] NCCL INFO threadThresholds 8/8/64 | 32/8/64 | 512 | 512
gpua014:1567263:1567308 [0] NCCL INFO 24 coll channels, 24 collnet channels, 0 nvls channels, 32 p2p channels, 8 p2p channels per peer
gpua014:1567265:1567311 [2] NCCL INFO TUNER/Plugin: Plugin load returned 11 : libnccl-net.so: cannot open shared object file: No such file or directory : when loading libnccl-tuner.so
gpua014:1567263:1567308 [0] NCCL INFO TUNER/Plugin: Plugin load returned 11 : libnccl-net.so: cannot open shared object file: No such file or directory : when loading libnccl-tuner.so
gpua014:1567265:1567311 [2] NCCL INFO TUNER/Plugin: Using internal tuner plugin.
gpua014:1567263:1567308 [0] NCCL INFO TUNER/Plugin: Using internal tuner plugin.
gpua014:1567265:1567311 [2] NCCL INFO ncclCommInitRank comm 0x9a9f1b0 rank 2 nranks 4 cudaDev 2 nvmlDev 2 busId 85000 commId 0xc5caa54d629482c2 - Init COMPLETE
gpua014:1567263:1567308 [0] NCCL INFO ncclCommInitRank comm 0x9f09bc0 rank 0 nranks 4 cudaDev 0 nvmlDev 0 busId 7000 commId 0xc5caa54d629482c2 - Init COMPLETE
gpua014:1567266:1567309 [3] NCCL INFO TUNER/Plugin: Plugin load returned 11 : libnccl-net.so: cannot open shared object file: No such file or directory : when loading libnccl-tuner.so
gpua014:1567266:1567309 [3] NCCL INFO TUNER/Plugin: Using internal tuner plugin.
gpua014:1567266:1567309 [3] NCCL INFO ncclCommInitRank comm 0x9cdb910 rank 3 nranks 4 cudaDev 3 nvmlDev 3 busId c7000 commId 0xc5caa54d629482c2 - Init COMPLETE
gpua014:1567264:1567310 [1] NCCL INFO TUNER/Plugin: Plugin load returned 11 : libnccl-net.so: cannot open shared object file: No such file or directory : when loading libnccl-tuner.so
gpua014:1567264:1567310 [1] NCCL INFO TUNER/Plugin: Using internal tuner plugin.
gpua014:1567264:1567310 [1] NCCL INFO ncclCommInitRank comm 0xb11a2b0 rank 1 nranks 4 cudaDev 1 nvmlDev 1 busId 46000 commId 0xc5caa54d629482c2 - Init COMPLETE
Namespace(model='/work/hdd/bewo/mahdi/Isomorphic-Pruning/output/pruned/deit_4.2G_v2.pth', teacher_model='regnety_160.deit_in1k', data_path='/work/hdd/bewo/mahdi/imagenet', device='cuda', batch_size=256, epochs=300, workers=8, opt='adamw', lr=0.0005, momentum=0.9, weight_decay=0.05, norm_weight_decay=None, bias_weight_decay=None, transformer_embedding_decay=None, label_smoothing=0.1, mixup_alpha=0.8, cutmix_alpha=1.0, lr_scheduler='cosineannealinglr', lr_warmup_epochs=0, lr_warmup_method='linear', lr_warmup_decay=0.033, lr_step_size=30, lr_gamma=0.1, lr_min=0.0, print_freq=50, output_dir='/work/hdd/bewo/mahdi/Isomorphic-Pruning/output/finetuned/deit_4.2G_v2', resume='/work/hdd/bewo/mahdi/Isomorphic-Pruning/output/finetuned/deit_4.2G_v2/checkpoint.pth', start_epoch=0, cache_dataset=False, sync_bn=False, test_only=False, auto_augment='ra', ra_magnitude=9, augmix_severity=3, random_erase=0.25, color_jitter=None, amp=True, world_size=4, dist_url='env://', model_ema=False, model_ema_steps=32, model_ema_decay=0.99998, use_deterministic_algorithms=False, interpolation='bicubic', val_resize_size=256, val_crop_size=224, train_crop_size=224, clip_grad_norm=None, ra_sampler=True, ra_reps=3, weights=None, backend='pil', use_v2=False, is_huggingface=False, checkpoint_interval=10, no_imagenet_mean_std=False, stochastic_depth=0.0, rank=0, gpu=0, distributed=True, dist_backend='nccl')
Loading data
Loading training data
Took 2.8689308166503906
Loading validation data
Creating data loaders
Creating model
Loading pruned model from /work/hdd/bewo/mahdi/Isomorphic-Pruning/output/pruned/deit_4.2G_v2.pth
macs: 4.15 G, params: 20.67 M
loading checkpoint
DistributedDataParallel(
  (module): VisionTransformerDistilled(
    (patch_embed): PatchEmbed(
      (proj): Conv2d(3, 384, kernel_size=(16, 16), stride=(16, 16))
      (norm): Identity()
    )
    (pos_drop): Dropout(p=0.0, inplace=False)
    (patch_drop): Identity()
    (norm_pre): Identity()
    (blocks): Sequential(
      (0): Block(
        (norm1): LayerNorm((384,), eps=1e-06, elementwise_affine=True)
        (attn): Attention(
          (qkv): Linear(in_features=384, out_features=540, bias=True)
          (q_norm): Identity()
          (k_norm): Identity()
          (attn_drop): Dropout(p=0.0, inplace=False)
          (norm): Identity()
          (proj): Linear(in_features=180, out_features=384, bias=True)
          (proj_drop): Dropout(p=0.0, inplace=False)
        )
        (ls1): Identity()
        (drop_path1): Identity()
        (norm2): LayerNorm((384,), eps=1e-06, elementwise_affine=True)
        (mlp): Mlp(
          (fc1): Linear(in_features=384, out_features=956, bias=True)
          (act): GELU(approximate='none')
          (drop1): Dropout(p=0.0, inplace=False)
          (norm): Identity()
          (fc2): Linear(in_features=956, out_features=384, bias=True)
          (drop2): Dropout(p=0.0, inplace=False)
        )
        (ls2): Identity()
        (drop_path2): Identity()
      )
      (1): Block(
        (norm1): LayerNorm((384,), eps=1e-06, elementwise_affine=True)
        (attn): Attention(
          (qkv): Linear(in_features=384, out_features=510, bias=True)
          (q_norm): Identity()
          (k_norm): Identity()
          (attn_drop): Dropout(p=0.0, inplace=False)
          (norm): Identity()
          (proj): Linear(in_features=170, out_features=384, bias=True)
          (proj_drop): Dropout(p=0.0, inplace=False)
        )
        (ls1): Identity()
        (drop_path1): Identity()
        (norm2): LayerNorm((384,), eps=1e-06, elementwise_affine=True)
        (mlp): Mlp(
          (fc1): Linear(in_features=384, out_features=928, bias=True)
          (act): GELU(approximate='none')
          (drop1): Dropout(p=0.0, inplace=False)
          (norm): Identity()
          (fc2): Linear(in_features=928, out_features=384, bias=True)
          (drop2): Dropout(p=0.0, inplace=False)
        )
        (ls2): Identity()
        (drop_path2): Identity()
      )
      (2): Block(
        (norm1): LayerNorm((384,), eps=1e-06, elementwise_affine=True)
        (attn): Attention(
          (qkv): Linear(in_features=384, out_features=432, bias=True)
          (q_norm): Identity()
          (k_norm): Identity()
          (attn_drop): Dropout(p=0.0, inplace=False)
          (norm): Identity()
          (proj): Linear(in_features=144, out_features=384, bias=True)
          (proj_drop): Dropout(p=0.0, inplace=False)
        )
        (ls1): Identity()
        (drop_path1): Identity()
        (norm2): LayerNorm((384,), eps=1e-06, elementwise_affine=True)
        (mlp): Mlp(
          (fc1): Linear(in_features=384, out_features=1416, bias=True)
          (act): GELU(approximate='none')
          (drop1): Dropout(p=0.0, inplace=False)
          (norm): Identity()
          (fc2): Linear(in_features=1416, out_features=384, bias=True)
          (drop2): Dropout(p=0.0, inplace=False)
        )
        (ls2): Identity()
        (drop_path2): Identity()
      )
      (3): Block(
        (norm1): LayerNorm((384,), eps=1e-06, elementwise_affine=True)
        (attn): Attention(
          (qkv): Linear(in_features=384, out_features=600, bias=True)
          (q_norm): Identity()
          (k_norm): Identity()
          (attn_drop): Dropout(p=0.0, inplace=False)
          (norm): Identity()
          (proj): Linear(in_features=200, out_features=384, bias=True)
          (proj_drop): Dropout(p=0.0, inplace=False)
        )
        (ls1): Identity()
        (drop_path1): Identity()
        (norm2): LayerNorm((384,), eps=1e-06, elementwise_affine=True)
        (mlp): Mlp(
          (fc1): Linear(in_features=384, out_features=1908, bias=True)
          (act): GELU(approximate='none')
          (drop1): Dropout(p=0.0, inplace=False)
          (norm): Identity()
          (fc2): Linear(in_features=1908, out_features=384, bias=True)
          (drop2): Dropout(p=0.0, inplace=False)
        )
        (ls2): Identity()
        (drop_path2): Identity()
      )
      (4): Block(
        (norm1): LayerNorm((384,), eps=1e-06, elementwise_affine=True)
        (attn): Attention(
          (qkv): Linear(in_features=384, out_features=690, bias=True)
          (q_norm): Identity()
          (k_norm): Identity()
          (attn_drop): Dropout(p=0.0, inplace=False)
          (norm): Identity()
          (proj): Linear(in_features=230, out_features=384, bias=True)
          (proj_drop): Dropout(p=0.0, inplace=False)
        )
        (ls1): Identity()
        (drop_path1): Identity()
        (norm2): LayerNorm((384,), eps=1e-06, elementwise_affine=True)
        (mlp): Mlp(
          (fc1): Linear(in_features=384, out_features=1858, bias=True)
          (act): GELU(approximate='none')
          (drop1): Dropout(p=0.0, inplace=False)
          (norm): Identity()
          (fc2): Linear(in_features=1858, out_features=384, bias=True)
          (drop2): Dropout(p=0.0, inplace=False)
        )
        (ls2): Identity()
        (drop_path2): Identity()
      )
      (5): Block(
        (norm1): LayerNorm((384,), eps=1e-06, elementwise_affine=True)
        (attn): Attention(
          (qkv): Linear(in_features=384, out_features=900, bias=True)
          (q_norm): Identity()
          (k_norm): Identity()
          (attn_drop): Dropout(p=0.0, inplace=False)
          (norm): Identity()
          (proj): Linear(in_features=300, out_features=384, bias=True)
          (proj_drop): Dropout(p=0.0, inplace=False)
        )
        (ls1): Identity()
        (drop_path1): Identity()
        (norm2): LayerNorm((384,), eps=1e-06, elementwise_affine=True)
        (mlp): Mlp(
          (fc1): Linear(in_features=384, out_features=1740, bias=True)
          (act): GELU(approximate='none')
          (drop1): Dropout(p=0.0, inplace=False)
          (norm): Identity()
          (fc2): Linear(in_features=1740, out_features=384, bias=True)
          (drop2): Dropout(p=0.0, inplace=False)
        )
        (ls2): Identity()
        (drop_path2): Identity()
      )
      (6): Block(
        (norm1): LayerNorm((384,), eps=1e-06, elementwise_affine=True)
        (attn): Attention(
          (qkv): Linear(in_features=384, out_features=1176, bias=True)
          (q_norm): Identity()
          (k_norm): Identity()
          (attn_drop): Dropout(p=0.0, inplace=False)
          (norm): Identity()
          (proj): Linear(in_features=392, out_features=384, bias=True)
          (proj_drop): Dropout(p=0.0, inplace=False)
        )
        (ls1): Identity()
        (drop_path1): Identity()
        (norm2): LayerNorm((384,), eps=1e-06, elementwise_affine=True)
        (mlp): Mlp(
          (fc1): Linear(in_features=384, out_features=1750, bias=True)
          (act): GELU(approximate='none')
          (drop1): Dropout(p=0.0, inplace=False)
          (norm): Identity()
          (fc2): Linear(in_features=1750, out_features=384, bias=True)
          (drop2): Dropout(p=0.0, inplace=False)
        )
        (ls2): Identity()
        (drop_path2): Identity()
      )
      (7): Block(
        (norm1): LayerNorm((384,), eps=1e-06, elementwise_affine=True)
        (attn): Attention(
          (qkv): Linear(in_features=384, out_features=1176, bias=True)
          (q_norm): Identity()
          (k_norm): Identity()
          (attn_drop): Dropout(p=0.0, inplace=False)
          (norm): Identity()
          (proj): Linear(in_features=392, out_features=384, bias=True)
          (proj_drop): Dropout(p=0.0, inplace=False)
        )
        (ls1): Identity()
        (drop_path1): Identity()
        (norm2): LayerNorm((384,), eps=1e-06, elementwise_affine=True)
        (mlp): Mlp(
          (fc1): Linear(in_features=384, out_features=1672, bias=True)
          (act): GELU(approximate='none')
          (drop1): Dropout(p=0.0, inplace=False)
          (norm): Identity()
          (fc2): Linear(in_features=1672, out_features=384, bias=True)
          (drop2): Dropout(p=0.0, inplace=False)
        )
        (ls2): Identity()
        (drop_path2): Identity()
      )
      (8): Block(
        (norm1): LayerNorm((384,), eps=1e-06, elementwise_affine=True)
        (attn): Attention(
          (qkv): Linear(in_features=384, out_features=900, bias=True)
          (q_norm): Identity()
          (k_norm): Identity()
          (attn_drop): Dropout(p=0.0, inplace=False)
          (norm): Identity()
          (proj): Linear(in_features=300, out_features=384, bias=True)
          (proj_drop): Dropout(p=0.0, inplace=False)
        )
        (ls1): Identity()
        (drop_path1): Identity()
        (norm2): LayerNorm((384,), eps=1e-06, elementwise_affine=True)
        (mlp): Mlp(
          (fc1): Linear(in_features=384, out_features=1558, bias=True)
          (act): GELU(approximate='none')
          (drop1): Dropout(p=0.0, inplace=False)
          (norm): Identity()
          (fc2): Linear(in_features=1558, out_features=384, bias=True)
          (drop2): Dropout(p=0.0, inplace=False)
        )
        (ls2): Identity()
        (drop_path2): Identity()
      )
      (9): Block(
        (norm1): LayerNorm((384,), eps=1e-06, elementwise_affine=True)
        (attn): Attention(
          (qkv): Linear(in_features=384, out_features=1176, bias=True)
          (q_norm): Identity()
          (k_norm): Identity()
          (attn_drop): Dropout(p=0.0, inplace=False)
          (norm): Identity()
          (proj): Linear(in_features=392, out_features=384, bias=True)
          (proj_drop): Dropout(p=0.0, inplace=False)
        )
        (ls1): Identity()
        (drop_path1): Identity()
        (norm2): LayerNorm((384,), eps=1e-06, elementwise_affine=True)
        (mlp): Mlp(
          (fc1): Linear(in_features=384, out_features=1598, bias=True)
          (act): GELU(approximate='none')
          (drop1): Dropout(p=0.0, inplace=False)
          (norm): Identity()
          (fc2): Linear(in_features=1598, out_features=384, bias=True)
          (drop2): Dropout(p=0.0, inplace=False)
        )
        (ls2): Identity()
        (drop_path2): Identity()
      )
      (10): Block(
        (norm1): LayerNorm((384,), eps=1e-06, elementwise_affine=True)
        (attn): Attention(
          (qkv): Linear(in_features=384, out_features=1134, bias=True)
          (q_norm): Identity()
          (k_norm): Identity()
          (attn_drop): Dropout(p=0.0, inplace=False)
          (norm): Identity()
          (proj): Linear(in_features=378, out_features=384, bias=True)
          (proj_drop): Dropout(p=0.0, inplace=False)
        )
        (ls1): Identity()
        (drop_path1): Identity()
        (norm2): LayerNorm((384,), eps=1e-06, elementwise_affine=True)
        (mlp): Mlp(
          (fc1): Linear(in_features=384, out_features=1590, bias=True)
          (act): GELU(approximate='none')
          (drop1): Dropout(p=0.0, inplace=False)
          (norm): Identity()
          (fc2): Linear(in_features=1590, out_features=384, bias=True)
          (drop2): Dropout(p=0.0, inplace=False)
        )
        (ls2): Identity()
        (drop_path2): Identity()
      )
      (11): Block(
        (norm1): LayerNorm((384,), eps=1e-06, elementwise_affine=True)
        (attn): Attention(
          (qkv): Linear(in_features=384, out_features=1152, bias=True)
          (q_norm): Identity()
          (k_norm): Identity()
          (attn_drop): Dropout(p=0.0, inplace=False)
          (norm): Identity()
          (proj): Linear(in_features=384, out_features=384, bias=True)
          (proj_drop): Dropout(p=0.0, inplace=False)
        )
        (ls1): Identity()
        (drop_path1): Identity()
        (norm2): LayerNorm((384,), eps=1e-06, elementwise_affine=True)
        (mlp): Mlp(
          (fc1): Linear(in_features=384, out_features=1452, bias=True)
          (act): GELU(approximate='none')
          (drop1): Dropout(p=0.0, inplace=False)
          (norm): Identity()
          (fc2): Linear(in_features=1452, out_features=384, bias=True)
          (drop2): Dropout(p=0.0, inplace=False)
        )
        (ls2): Identity()
        (drop_path2): Identity()
      )
    )
    (norm): LayerNorm((384,), eps=1e-06, elementwise_affine=True)
    (fc_norm): Identity()
    (head_drop): Dropout(p=0.0, inplace=False)
    (head): Linear(in_features=384, out_features=1000, bias=True)
    (head_dist): Linear(in_features=384, out_features=1000, bias=True)
  )
)
Start training
Epoch: [12]  [   0/1251]  eta: 5:22:12  lr: 0.0004980286753286196  img/s: 74.27171140342128  loss_kd: 2.4338157176971436  loss_ce: 3.726189613342285  loss: 3.0800 (3.0800)  acc1: 53.1250 (53.1250)  acc5: 76.9531 (76.9531)  time: 15.4537  data: 12.0059  max mem: 31489
Epoch: [12]  [  50/1251]  eta: 0:22:34  lr: 0.0004980286753286196  img/s: 973.0725983388538  loss_kd: 2.405456066131592  loss_ce: 3.744737148284912  loss: 3.0175 (2.9694)  acc1: 53.1250 (51.4553)  acc5: 76.9531 (74.5328)  time: 0.9956  data: 0.7224  max mem: 31489
Epoch: [12]  [ 100/1251]  eta: 0:19:05  lr: 0.0004980286753286196  img/s: 970.5912665555431  loss_kd: 2.167961597442627  loss_ce: 3.244084596633911  loss: 2.8611 (2.9295)  acc1: 59.3750 (53.2565)  acc5: 80.4688 (76.1100)  time: 0.7649  data: 0.4969  max mem: 31489
Epoch: [12]  [ 150/1251]  eta: 0:17:34  lr: 0.0004980286753286196  img/s: 970.2018794274975  loss_kd: 2.128249168395996  loss_ce: 3.0108509063720703  loss: 3.0427 (2.9504)  acc1: 48.8281 (52.7370)  acc5: 74.6094 (75.5795)  time: 0.7417  data: 0.4731  max mem: 31489
Epoch: [12]  [ 200/1251]  eta: 0:16:38  lr: 0.0004980286753286196  img/s: 865.9648224062997  loss_kd: 2.1757078170776367  loss_ce: 2.9786338806152344  loss: 3.0747 (2.9697)  acc1: 47.6562 (52.4876)  acc5: 72.2656 (75.4431)  time: 0.9529  data: 0.6799  max mem: 31489
Epoch: [12]  [ 250/1251]  eta: 0:15:22  lr: 0.0004980286753286196  img/s: 971.0046744227056  loss_kd: 2.387995719909668  loss_ce: 3.456238031387329  loss: 2.7044 (2.9382)  acc1: 60.5469 (53.3584)  acc5: 83.2031 (76.0801)  time: 0.9494  data: 0.6752  max mem: 31489
Epoch: [12]  [ 300/1251]  eta: 0:14:19  lr: 0.0004980286753286196  img/s: 971.0889791075228  loss_kd: 2.53125  loss_ce: 3.719572067260742  loss: 3.1254 (2.9502)  acc1: 48.0469 (52.8953)  acc5: 73.0469 (75.7527)  time: 0.7714  data: 0.4975  max mem: 31489
Epoch: [12]  [ 350/1251]  eta: 0:13:20  lr: 0.0004980286753286196  img/s: 961.3486326586159  loss_kd: 2.942863941192627  loss_ce: 4.111093521118164  loss: 3.1296 (2.9612)  acc1: 45.7031 (52.6854)  acc5: 70.7031 (75.4986)  time: 0.7183  data: 0.4458  max mem: 31489
Epoch: [12]  [ 400/1251]  eta: 0:12:38  lr: 0.0004980286753286196  img/s: 841.1661209000919  loss_kd: 1.8868279457092285  loss_ce: 2.3388912677764893  loss: 3.0063 (2.9561)  acc1: 53.9062 (52.7665)  acc5: 73.4375 (75.5065)  time: 0.9887  data: 0.7109  max mem: 31489
Epoch: [12]  [ 450/1251]  eta: 0:11:52  lr: 0.0004980286753286196  img/s: 974.4511032821669  loss_kd: 3.025805950164795  loss_ce: 4.292241096496582  loss: 2.7010 (2.9523)  acc1: 60.9375 (52.8643)  acc5: 82.4219 (75.6132)  time: 1.0170  data: 0.7426  max mem: 31489
Epoch: [12]  [ 500/1251]  eta: 0:11:05  lr: 0.0004980286753286196  img/s: 956.5926991042037  loss_kd: 2.157027006149292  loss_ce: 3.061054229736328  loss: 3.0525 (2.9541)  acc1: 54.2969 (52.8357)  acc5: 76.1719 (75.5684)  time: 0.7634  data: 0.4889  max mem: 31489
Epoch: [12]  [ 550/1251]  eta: 0:10:14  lr: 0.0004980286753286196  img/s: 967.6950288711025  loss_kd: 2.73300838470459  loss_ce: 4.214734077453613  loss: 3.1232 (2.9561)  acc1: 50.0000 (52.8542)  acc5: 75.0000 (75.5267)  time: 0.7006  data: 0.4287  max mem: 31489
Epoch: [12]  [ 600/1251]  eta: 0:09:30  lr: 0.0004980286753286196  img/s: 788.2432660204552  loss_kd: 2.5403904914855957  loss_ce: 3.7432289123535156  loss: 3.0499 (2.9604)  acc1: 50.0000 (52.9092)  acc5: 74.2188 (75.5505)  time: 0.8756  data: 0.5985  max mem: 31489
Epoch: [12]  [ 650/1251]  eta: 0:08:40  lr: 0.0004980286753286196  img/s: 966.5330153989347  loss_kd: 2.2827603816986084  loss_ce: 3.1187849044799805  loss: 3.0428 (2.9597)  acc1: 57.8125 (52.8886)  acc5: 78.5156 (75.5496)  time: 0.8953  data: 0.6234  max mem: 31489
Epoch: [12]  [ 700/1251]  eta: 0:07:51  lr: 0.0004980286753286196  img/s: 959.7700860514735  loss_kd: 2.5007758140563965  loss_ce: 3.8840088844299316  loss: 3.1782 (2.9598)  acc1: 44.5312 (52.9300)  acc5: 73.8281 (75.5940)  time: 0.6544  data: 0.3845  max mem: 31489
Epoch: [12]  [ 750/1251]  eta: 0:07:03  lr: 0.0004980286753286196  img/s: 950.9520433114905  loss_kd: 2.524956703186035  loss_ce: 3.335078239440918  loss: 2.9300 (2.9549)  acc1: 58.9844 (52.9710)  acc5: 79.6875 (75.6335)  time: 0.6163  data: 0.3439  max mem: 31489
Epoch: [12]  [ 800/1251]  eta: 0:06:19  lr: 0.0004980286753286196  img/s: 866.2030403454029  loss_kd: 2.868211269378662  loss_ce: 4.212508201599121  loss: 3.2267 (2.9587)  acc1: 45.3125 (52.7968)  acc5: 69.9219 (75.5355)  time: 0.8268  data: 0.5512  max mem: 31489
Epoch: [12]  [ 850/1251]  eta: 0:05:34  lr: 0.0004980286753286196  img/s: 919.9855577232679  loss_kd: 2.27250337600708  loss_ce: 3.57265567779541  loss: 2.9487 (2.9584)  acc1: 58.5938 (52.8556)  acc5: 78.1250 (75.5444)  time: 0.8307  data: 0.5440  max mem: 31489
Epoch: [12]  [ 900/1251]  eta: 0:04:51  lr: 0.0004980286753286196  img/s: 962.8011373469258  loss_kd: 2.561300277709961  loss_ce: 4.126894950866699  loss: 2.9762 (2.9581)  acc1: 53.1250 (52.8597)  acc5: 76.9531 (75.5090)  time: 0.6723  data: 0.4017  max mem: 31489
Epoch: [12]  [ 950/1251]  eta: 0:04:07  lr: 0.0004980286753286196  img/s: 970.1825935945324  loss_kd: 1.9913883209228516  loss_ce: 2.219377040863037  loss: 2.9177 (2.9543)  acc1: 55.8594 (52.9340)  acc5: 79.2969 (75.5697)  time: 0.6321  data: 0.3636  max mem: 31489
Epoch: [12]  [1000/1251]  eta: 0:03:25  lr: 0.0004980286753286196  img/s: 811.3239577949653  loss_kd: 2.6010327339172363  loss_ce: 4.058816909790039  loss: 2.9142 (2.9542)  acc1: 57.0312 (53.0091)  acc5: 79.2969 (75.6248)  time: 0.7406  data: 0.4594  max mem: 31489
Epoch: [12]  [1050/1251]  eta: 0:02:43  lr: 0.0004980286753286196  img/s: 947.9992089278146  loss_kd: 2.1909539699554443  loss_ce: 3.026667833328247  loss: 2.7508 (2.9507)  acc1: 60.9375 (53.1075)  acc5: 83.2031 (75.7233)  time: 0.8100  data: 0.5276  max mem: 31489
Epoch: [12]  [1100/1251]  eta: 0:02:02  lr: 0.0004980286753286196  img/s: 941.892012519474  loss_kd: 2.511389970779419  loss_ce: 3.804518461227417  loss: 3.1233 (2.9469)  acc1: 53.9062 (53.1715)  acc5: 76.5625 (75.7823)  time: 0.6850  data: 0.4095  max mem: 31489
Epoch: [12]  [1150/1251]  eta: 0:01:21  lr: 0.0004980286753286196  img/s: 971.3217711616328  loss_kd: 2.6064343452453613  loss_ce: 3.880093574523926  loss: 3.0223 (2.9446)  acc1: 54.6875 (53.2736)  acc5: 76.9531 (75.8556)  time: 0.7543  data: 0.4741  max mem: 31489
Epoch: [12]  [1200/1251]  eta: 0:00:41  lr: 0.0004980286753286196  img/s: 835.1132293831431  loss_kd: 2.0406320095062256  loss_ce: 2.356330394744873  loss: 2.7857 (2.9456)  acc1: 61.7188 (53.1595)  acc5: 79.2969 (75.7738)  time: 0.9183  data: 0.6302  max mem: 31489
Epoch: [12]  [1250/1251]  eta: 0:00:00  lr: 0.0004980286753286196  img/s: 976.0730285447288  loss_kd: 2.5743961334228516  loss_ce: 3.4825680255889893  loss: 2.9147 (2.9449)  acc1: 55.0781 (53.1837)  acc5: 79.6875 (75.8015)  time: 0.8442  data: 0.5543  max mem: 31489
Epoch: [12] Total time: 0:16:56
Test:   [ 0/49]  eta: 0:08:42  loss: 1.5017 (1.5017)  acc1: 87.1094 (87.1094)  acc5: 96.4844 (96.4844)  time: 10.6593  data: 10.3937  max mem: 31489
Test:  Total time: 0:01:03
Test:  Acc@1 73.072 Acc@5 91.546
Epoch: [13]  [   0/1251]  eta: 2:03:04  lr: 0.000497686960117861  img/s: 440.1028563558919  loss_kd: 2.426002264022827  loss_ce: 3.4987542629241943  loss: 2.9624 (2.9624)  acc1: 59.3750 (59.3750)  acc5: 78.9062 (78.9062)  time: 5.9026  data: 5.3202  max mem: 31489
Epoch: [13]  [  50/1251]  eta: 0:14:52  lr: 0.000497686960117861  img/s: 958.5611198400228  loss_kd: 2.3560597896575928  loss_ce: 3.6695051193237305  loss: 3.0128 (2.8601)  acc1: 50.3906 (54.5113)  acc5: 75.7812 (76.8459)  time: 0.7287  data: 0.4384  max mem: 31489
Epoch: [13]  [ 100/1251]  eta: 0:13:03  lr: 0.000497686960117861  img/s: 972.9094849769853  loss_kd: 2.2655863761901855  loss_ce: 3.0367517471313477  loss: 2.7886 (2.8931)  acc1: 60.5469 (53.6007)  acc5: 80.4688 (76.3266)  time: 0.5156  data: 0.2281  max mem: 31489
Epoch: [13]  [ 150/1251]  eta: 0:11:55  lr: 0.000497686960117861  img/s: 966.3877424650433  loss_kd: 2.299936056137085  loss_ce: 3.3277430534362793  loss: 3.0099 (2.9341)  acc1: 53.5156 (53.2699)  acc5: 76.1719 (75.9779)  time: 0.5398  data: 0.2586  max mem: 31489
Epoch: [13]  [ 200/1251]  eta: 0:11:13  lr: 0.000497686960117861  img/s: 806.9254639434024  loss_kd: 2.3646042346954346  loss_ce: 3.395122528076172  loss: 2.7192 (2.9153)  acc1: 61.7188 (54.0151)  acc5: 80.0781 (76.5256)  time: 0.6345  data: 0.3579  max mem: 31489
Epoch: [13]  [ 250/1251]  eta: 0:10:26  lr: 0.000497686960117861  img/s: 958.8478771236577  loss_kd: 2.1924092769622803  loss_ce: 2.794619083404541  loss: 3.0258 (2.9313)  acc1: 55.0781 (53.8331)  acc5: 78.5156 (76.2637)  time: 0.6352  data: 0.3532  max mem: 31489
Epoch: [13]  [ 300/1251]  eta: 0:09:43  lr: 0.000497686960117861  img/s: 964.6790673604922  loss_kd: 2.1313905715942383  loss_ce: 3.268853187561035  loss: 2.7393 (2.9187)  acc1: 61.7188 (54.1658)  acc5: 82.0312 (76.5314)  time: 0.5052  data: 0.2364  max mem: 31489
Epoch: [13]  [ 350/1251]  eta: 0:09:04  lr: 0.000497686960117861  img/s: 961.8145079010473  loss_kd: 2.1920783519744873  loss_ce: 2.998119354248047  loss: 3.0426 (2.9208)  acc1: 53.9062 (53.8695)  acc5: 76.5625 (76.3277)  time: 0.5133  data: 0.2345  max mem: 31489
Epoch: [13]  [ 400/1251]  eta: 0:08:34  lr: 0.000497686960117861  img/s: 762.9046971129832  loss_kd: 2.4129788875579834  loss_ce: 3.717088460922241  loss: 2.8313 (2.9169)  acc1: 56.6406 (54.0241)  acc5: 77.7344 (76.4739)  time: 0.5842  data: 0.2974  max mem: 31489
Epoch: [13]  [ 450/1251]  eta: 0:07:59  lr: 0.000497686960117861  img/s: 967.8851887874999  loss_kd: 2.0514447689056396  loss_ce: 2.578967571258545  loss: 2.6351 (2.9159)  acc1: 63.2812 (54.0535)  acc5: 83.2031 (76.4664)  time: 0.5740  data: 0.2908  max mem: 31489
Epoch: [13]  [ 500/1251]  eta: 0:07:27  lr: 0.000497686960117861  img/s: 951.1104040533777  loss_kd: 2.1345267295837402  loss_ce: 3.1334967613220215  loss: 2.8952 (2.9165)  acc1: 60.1562 (54.1550)  acc5: 78.9062 (76.4580)  time: 0.6158  data: 0.3268  max mem: 31489
Epoch: [13]  [ 550/1251]  eta: 0:06:53  lr: 0.000497686960117861  img/s: 955.6561694249999  loss_kd: 2.5237514972686768  loss_ce: 3.7314717769622803  loss: 2.9883 (2.9201)  acc1: 57.0312 (54.1983)  acc5: 78.5156 (76.4980)  time: 0.5398  data: 0.2643  max mem: 31489
Epoch: [13]  [ 600/1251]  eta: 0:06:20  lr: 0.000497686960117861  img/s: 963.8503536314208  loss_kd: 2.6617438793182373  loss_ce: 3.7141971588134766  loss: 3.0276 (2.9186)  acc1: 55.4688 (54.2468)  acc5: 77.7344 (76.5846)  time: 0.4858  data: 0.2040  max mem: 31489
Epoch: [13]  [ 650/1251]  eta: 0:05:49  lr: 0.000497686960117861  img/s: 958.314731250357  loss_kd: 2.354055404663086  loss_ce: 3.60032320022583  loss: 3.1285 (2.9261)  acc1: 51.5625 (54.0089)  acc5: 75.3906 (76.4569)  time: 0.4943  data: 0.2215  max mem: 31489
Epoch: [13]  [ 700/1251]  eta: 0:05:20  lr: 0.000497686960117861  img/s: 974.8297487167102  loss_kd: 2.5708532333374023  loss_ce: 3.9535417556762695  loss: 2.8383 (2.9218)  acc1: 60.5469 (54.0734)  acc5: 80.8594 (76.4856)  time: 0.5942  data: 0.3188  max mem: 31489
Epoch: [13]  [ 750/1251]  eta: 0:04:48  lr: 0.000497686960117861  img/s: 974.4802874409748  loss_kd: 2.887037754058838  loss_ce: 4.151147842407227  loss: 2.8751 (2.9189)  acc1: 58.5938 (54.0727)  acc5: 78.5156 (76.4881)  time: 0.5830  data: 0.3044  max mem: 31489
Epoch: [13]  [ 800/1251]  eta: 0:04:18  lr: 0.000497686960117861  img/s: 937.3384570527672  loss_kd: 2.4557840824127197  loss_ce: 3.780698776245117  loss: 2.9038 (2.9155)  acc1: 59.3750 (54.1754)  acc5: 80.0781 (76.5679)  time: 0.4825  data: 0.2088  max mem: 31489
Epoch: [13]  [ 850/1251]  eta: 0:03:51  lr: 0.000497686960117861  img/s: 972.5376147354043  loss_kd: 2.601583480834961  loss_ce: 3.915539026260376  loss: 2.8949 (2.9107)  acc1: 55.4688 (54.3290)  acc5: 78.1250 (76.7080)  time: 0.6593  data: 0.3857  max mem: 31489
Epoch: [13]  [ 900/1251]  eta: 0:03:23  lr: 0.000497686960117861  img/s: 965.8044810071248  loss_kd: 2.535604953765869  loss_ce: 3.6762990951538086  loss: 2.8726 (2.9130)  acc1: 58.9844 (54.2778)  acc5: 79.6875 (76.6696)  time: 0.6027  data: 0.3256  max mem: 31489
Epoch: [13]  [ 950/1251]  eta: 0:02:54  lr: 0.000497686960117861  img/s: 972.5578752199877  loss_kd: 2.80751895904541  loss_ce: 4.2142744064331055  loss: 2.9977 (2.9158)  acc1: 47.2656 (54.1120)  acc5: 72.6562 (76.5633)  time: 0.5223  data: 0.2390  max mem: 31489
Epoch: [13]  [1000/1251]  eta: 0:02:25  lr: 0.000497686960117861  img/s: 968.6256047472262  loss_kd: 2.243906021118164  loss_ce: 3.2935845851898193  loss: 2.9827 (2.9169)  acc1: 55.4688 (54.0912)  acc5: 78.1250 (76.5336)  time: 0.5392  data: 0.2653  max mem: 31489
Epoch: [13]  [1050/1251]  eta: 0:01:56  lr: 0.000497686960117861  img/s: 958.9506378912303  loss_kd: 2.3470821380615234  loss_ce: 3.3238158226013184  loss: 2.8354 (2.9175)  acc1: 57.4219 (54.0780)  acc5: 77.7344 (76.4993)  time: 0.5810  data: 0.3020  max mem: 31489
Epoch: [13]  [1100/1251]  eta: 0:01:28  lr: 0.000497686960117861  img/s: 968.044003400689  loss_kd: 1.823166847229004  loss_ce: 2.152064085006714  loss: 2.7894 (2.9163)  acc1: 60.5469 (54.1415)  acc5: 79.2969 (76.5501)  time: 0.7456  data: 0.4760  max mem: 31489
Epoch: [13]  [1150/1251]  eta: 0:00:58  lr: 0.000497686960117861  img/s: 961.9428966639252  loss_kd: 2.307915449142456  loss_ce: 3.413985013961792  loss: 3.0842 (2.9175)  acc1: 51.1719 (54.1347)  acc5: 74.6094 (76.5401)  time: 0.5277  data: 0.2568  max mem: 31489
Epoch: [13]  [1200/1251]  eta: 0:00:29  lr: 0.000497686960117861  img/s: 969.8872654977648  loss_kd: 2.4221394062042236  loss_ce: 3.2736568450927734  loss: 3.0877 (2.9210)  acc1: 47.6562 (54.0207)  acc5: 73.0469 (76.4688)  time: 0.5335  data: 0.2586  max mem: 31489
Epoch: [13]  [1250/1251]  eta: 0:00:00  lr: 0.000497686960117861  img/s: 971.4149192373735  loss_kd: 2.4788222312927246  loss_ce: 4.237076282501221  loss: 2.7100 (2.9187)  acc1: 62.1094 (54.0518)  acc5: 83.5938 (76.4791)  time: 0.6263  data: 0.3512  max mem: 31489
Epoch: [13] Total time: 0:12:13
Test:   [ 0/49]  eta: 0:02:11  loss: 1.4595 (1.4595)  acc1: 85.9375 (85.9375)  acc5: 96.4844 (96.4844)  time: 2.6908  data: 2.5060  max mem: 31489
Test:  Total time: 0:00:13
Test:  Acc@1 73.354 Acc@5 91.688
Epoch: [14]  [   0/1251]  eta: 1:32:04  lr: 0.0004973180832407472  img/s: 451.75069146255163  loss_kd: 2.0564334392547607  loss_ce: 3.058293342590332  loss: 2.5574 (2.5574)  acc1: 63.2812 (63.2812)  acc5: 84.3750 (84.3750)  time: 4.4165  data: 3.8487  max mem: 31489
Epoch: [14]  [  50/1251]  eta: 0:11:18  lr: 0.0004973180832407472  img/s: 972.3861283025155  loss_kd: 2.5855369567871094  loss_ce: 3.9172890186309814  loss: 3.0350 (2.8995)  acc1: 51.9531 (53.6535)  acc5: 76.1719 (76.5319)  time: 0.5141  data: 0.2313  max mem: 31489
Epoch: [14]  [ 100/1251]  eta: 0:10:06  lr: 0.0004973180832407472  img/s: 973.1449147296518  loss_kd: 2.410158634185791  loss_ce: 3.4234228134155273  loss: 2.9836 (2.9600)  acc1: 53.1250 (52.7266)  acc5: 75.7812 (75.6420)  time: 0.4536  data: 0.1802  max mem: 31489
Epoch: [14]  [ 150/1251]  eta: 0:09:26  lr: 0.0004973180832407472  img/s: 962.4214250309457  loss_kd: 2.0609986782073975  loss_ce: 2.433825731277466  loss: 3.0925 (2.9741)  acc1: 55.0781 (52.6206)  acc5: 76.5625 (75.6053)  time: 0.4511  data: 0.1764  max mem: 31489
Epoch: [14]  [ 200/1251]  eta: 0:09:03  lr: 0.0004973180832407472  img/s: 891.0328624550124  loss_kd: 2.7206573486328125  loss_ce: 4.109776020050049  loss: 3.1270 (2.9636)  acc1: 50.3906 (53.3019)  acc5: 73.8281 (75.9698)  time: 0.5314  data: 0.2594  max mem: 31489
Epoch: [14]  [ 250/1251]  eta: 0:08:26  lr: 0.0004973180832407472  img/s: 972.1642682659626  loss_kd: 2.5763213634490967  loss_ce: 3.5080807209014893  loss: 2.8738 (2.9458)  acc1: 58.5938 (53.8144)  acc5: 78.5156 (76.2248)  time: 0.5107  data: 0.2405  max mem: 31489
Epoch: [14]  [ 300/1251]  eta: 0:07:55  lr: 0.0004973180832407472  img/s: 969.3680295249858  loss_kd: 2.689080238342285  loss_ce: 3.708871603012085  loss: 3.2257 (2.9498)  acc1: 42.9688 (53.5727)  acc5: 66.7969 (75.9850)  time: 0.4306  data: 0.1592  max mem: 31489
Epoch: [14]  [ 350/1251]  eta: 0:07:27  lr: 0.0004973180832407472  img/s: 973.1449147296518  loss_kd: 1.9949911832809448  loss_ce: 2.229318618774414  loss: 2.9446 (2.9342)  acc1: 57.0312 (53.8072)  acc5: 77.3438 (76.1552)  time: 0.4365  data: 0.1658  max mem: 31489
Epoch: [14]  [ 400/1251]  eta: 0:07:04  lr: 0.0004973180832407472  img/s: 807.3544243359341  loss_kd: 2.331890344619751  loss_ce: 3.5549604892730713  loss: 2.5894 (2.9053)  acc1: 62.8906 (54.5073)  acc5: 82.0312 (76.6979)  time: 0.5365  data: 0.2601  max mem: 31489
Epoch: [14]  [ 450/1251]  eta: 0:06:37  lr: 0.0004973180832407472  img/s: 972.8239825248224  loss_kd: 2.142111301422119  loss_ce: 2.7301244735717773  loss: 2.6500 (2.8877)  acc1: 59.3750 (54.8616)  acc5: 79.2969 (77.0259)  time: 0.5259  data: 0.2533  max mem: 31489
Epoch: [14]  [ 500/1251]  eta: 0:06:10  lr: 0.0004973180832407472  img/s: 946.6452347786222  loss_kd: 2.526907444000244  loss_ce: 3.7862439155578613  loss: 2.8598 (2.8860)  acc1: 56.2500 (54.8052)  acc5: 80.0781 (77.0662)  time: 0.4385  data: 0.1698  max mem: 31489
Epoch: [14]  [ 550/1251]  eta: 0:05:45  lr: 0.0004973180832407472  img/s: 957.6583138306981  loss_kd: 2.4915006160736084  loss_ce: 3.729694366455078  loss: 2.9835 (2.8854)  acc1: 56.2500 (54.7237)  acc5: 76.5625 (77.0389)  time: 0.4320  data: 0.1615  max mem: 31489
Epoch: [14]  [ 600/1251]  eta: 0:05:21  lr: 0.0004973180832407472  img/s: 970.5447692322989  loss_kd: 2.1949853897094727  loss_ce: 3.2747855186462402  loss: 2.9813 (2.8966)  acc1: 56.2500 (54.5341)  acc5: 76.5625 (76.8446)  time: 0.4905  data: 0.2183  max mem: 31489
Epoch: [14]  [ 650/1251]  eta: 0:04:57  lr: 0.0004973180832407472  img/s: 974.6580832561771  loss_kd: 2.171692132949829  loss_ce: 3.1954293251037598  loss: 2.9067 (2.8909)  acc1: 60.5469 (54.6533)  acc5: 80.0781 (76.9321)  time: 0.5569  data: 0.2688  max mem: 31489
Epoch: [14]  [ 700/1251]  eta: 0:04:33  lr: 0.0004973180832407472  img/s: 952.6994530864592  loss_kd: 2.430919647216797  loss_ce: 3.5808820724487305  loss: 2.8486 (2.8901)  acc1: 56.6406 (54.6412)  acc5: 79.6875 (76.9442)  time: 0.4974  data: 0.2234  max mem: 31489
Epoch: [14]  [ 750/1251]  eta: 0:04:09  lr: 0.0004973180832407472  img/s: 957.3244674828171  loss_kd: 2.4809882640838623  loss_ce: 3.797675371170044  loss: 3.1508 (2.8990)  acc1: 40.2344 (54.3130)  acc5: 66.4062 (76.6920)  time: 0.4964  data: 0.2253  max mem: 31489
Epoch: [14]  [ 800/1251]  eta: 0:03:48  lr: 0.0004973180832407472  img/s: 728.1501245069903  loss_kd: 2.5990753173828125  loss_ce: 4.1703691482543945  loss: 3.1285 (2.9013)  acc1: 44.1406 (54.1296)  acc5: 71.4844 (76.6118)  time: 0.6262  data: 0.3525  max mem: 31489
Epoch: [14]  [ 850/1251]  eta: 0:03:25  lr: 0.0004973180832407472  img/s: 955.8067417490662  loss_kd: 1.9547358751296997  loss_ce: 2.6908211708068848  loss: 3.0403 (2.9058)  acc1: 55.0781 (54.0467)  acc5: 75.7812 (76.5721)  time: 0.6816  data: 0.4001  max mem: 31489
Epoch: [14]  [ 900/1251]  eta: 0:03:00  lr: 0.0004973180832407472  img/s: 956.8586672227406  loss_kd: 2.022792339324951  loss_ce: 2.5897610187530518  loss: 2.9213 (2.9046)  acc1: 51.9531 (54.0771)  acc5: 76.5625 (76.5941)  time: 0.5082  data: 0.2359  max mem: 31489
Epoch: [14]  [ 950/1251]  eta: 0:02:35  lr: 0.0004973180832407472  img/s: 952.3065497016896  loss_kd: 2.6006276607513428  loss_ce: 3.8521933555603027  loss: 3.0613 (2.9107)  acc1: 55.8594 (53.9498)  acc5: 73.4375 (76.4512)  time: 0.5081  data: 0.2332  max mem: 31489
Epoch: [14]  [1000/1251]  eta: 0:02:10  lr: 0.0004973180832407472  img/s: 722.6496957949712  loss_kd: 2.4659957885742188  loss_ce: 3.761132001876831  loss: 3.1001 (2.9148)  acc1: 43.7500 (53.7599)  acc5: 68.7500 (76.3061)  time: 0.6234  data: 0.3419  max mem: 31489
Epoch: [14]  [1050/1251]  eta: 0:01:45  lr: 0.0004973180832407472  img/s: 956.158261760057  loss_kd: 2.107923746109009  loss_ce: 2.8472933769226074  loss: 2.8673 (2.9113)  acc1: 59.7656 (53.8286)  acc5: 81.2500 (76.3484)  time: 0.6240  data: 0.3467  max mem: 31489
Epoch: [14]  [1100/1251]  eta: 0:01:19  lr: 0.0004973180832407472  img/s: 966.9333943290219  loss_kd: 2.2642056941986084  loss_ce: 3.383307695388794  loss: 3.0621 (2.9132)  acc1: 47.2656 (53.7168)  acc5: 73.8281 (76.2858)  time: 0.4775  data: 0.2045  max mem: 31489
Epoch: [14]  [1150/1251]  eta: 0:00:52  lr: 0.0004973180832407472  img/s: 946.6727771424944  loss_kd: 2.4520316123962402  loss_ce: 3.885439872741699  loss: 3.1820 (2.9112)  acc1: 47.2656 (53.7800)  acc5: 70.3125 (76.3253)  time: 0.4908  data: 0.2154  max mem: 31489
Epoch: [14]  [1200/1251]  eta: 0:00:26  lr: 0.0004973180832407472  img/s: 750.2356921365617  loss_kd: 2.3782100677490234  loss_ce: 3.5006260871887207  loss: 2.8696 (2.9095)  acc1: 60.5469 (53.8376)  acc5: 80.4688 (76.3670)  time: 0.6179  data: 0.3406  max mem: 31489
Epoch: [14]  [1250/1251]  eta: 0:00:00  lr: 0.0004973180832407472  img/s: 974.1478683803937  loss_kd: 2.6083614826202393  loss_ce: 3.944366216659546  loss: 3.0466 (2.9117)  acc1: 50.7812 (53.7932)  acc5: 73.8281 (76.3227)  time: 0.5903  data: 0.3122  max mem: 31489
Epoch: [14] Total time: 0:10:58
Test:   [ 0/49]  eta: 0:02:11  loss: 1.4601 (1.4601)  acc1: 88.2812 (88.2812)  acc5: 96.8750 (96.8750)  time: 2.6755  data: 2.4781  max mem: 31489
Test:  Total time: 0:00:12
Test:  Acc@1 73.790 Acc@5 91.862
Epoch: [15]  [   0/1251]  eta: 1:38:47  lr: 0.0004969220851487845  img/s: 615.1066320886746  loss_kd: 2.673252582550049  loss_ce: 3.909060478210449  loss: 3.2912 (3.2912)  acc1: 40.6250 (40.6250)  acc5: 66.7969 (66.7969)  time: 4.7381  data: 4.3213  max mem: 31489
Epoch: [15]  [  50/1251]  eta: 0:11:25  lr: 0.0004969220851487845  img/s: 975.125438185431  loss_kd: 2.5496792793273926  loss_ce: 3.7899041175842285  loss: 2.9324 (2.9446)  acc1: 53.1250 (52.6195)  acc5: 77.7344 (76.2408)  time: 0.5280  data: 0.2611  max mem: 31489
Epoch: [15]  [ 100/1251]  eta: 0:10:01  lr: 0.0004969220851487845  img/s: 957.8163529822101  loss_kd: 2.6525964736938477  loss_ce: 4.022575378417969  loss: 3.1121 (2.9709)  acc1: 55.4688 (52.4907)  acc5: 75.0000 (75.3597)  time: 0.4298  data: 0.1575  max mem: 31489
Epoch: [15]  [ 150/1251]  eta: 0:09:22  lr: 0.0004969220851487845  img/s: 962.796820751198  loss_kd: 2.6092214584350586  loss_ce: 3.962278366088867  loss: 2.9113 (2.9373)  acc1: 58.9844 (53.1276)  acc5: 79.6875 (75.9856)  time: 0.4434  data: 0.1715  max mem: 31489
Epoch: [15]  [ 200/1251]  eta: 0:08:58  lr: 0.0004969220851487845  img/s: 828.2974194722924  loss_kd: 2.6102166175842285  loss_ce: 4.045144557952881  loss: 2.9962 (2.9390)  acc1: 56.2500 (52.9501)  acc5: 78.9062 (75.7910)  time: 0.5313  data: 0.2554  max mem: 31489
Epoch: [15]  [ 250/1251]  eta: 0:08:23  lr: 0.0004969220851487845  img/s: 970.8905351580337  loss_kd: 2.1633167266845703  loss_ce: 3.3643527030944824  loss: 2.8881 (2.9328)  acc1: 55.0781 (52.9320)  acc5: 76.9531 (75.7953)  time: 0.5210  data: 0.2509  max mem: 31489
Epoch: [15]  [ 300/1251]  eta: 0:07:57  lr: 0.0004969220851487845  img/s: 930.9660739940505  loss_kd: 2.738379955291748  loss_ce: 3.9326767921447754  loss: 2.9866 (2.9266)  acc1: 57.8125 (53.0264)  acc5: 77.7344 (75.7657)  time: 0.4598  data: 0.1915  max mem: 31489
Epoch: [15]  [ 350/1251]  eta: 0:07:35  lr: 0.0004969220851487845  img/s: 971.014333591971  loss_kd: 2.346010208129883  loss_ce: 3.2606048583984375  loss: 2.8033 (2.9125)  acc1: 60.9375 (53.4589)  acc5: 82.4219 (76.1051)  time: 0.4939  data: 0.2259  max mem: 31489
Epoch: [15]  [ 400/1251]  eta: 0:07:19  lr: 0.0004969220851487845  img/s: 849.5095347540063  loss_kd: 2.3760385513305664  loss_ce: 3.5608887672424316  loss: 3.0638 (2.9093)  acc1: 55.8594 (53.5994)  acc5: 76.5625 (76.1261)  time: 0.6275  data: 0.3564  max mem: 31489
Epoch: [15]  [ 450/1251]  eta: 0:06:52  lr: 0.0004969220851487845  img/s: 974.2406753456029  loss_kd: 2.2006072998046875  loss_ce: 3.1287128925323486  loss: 2.8168 (2.9109)  acc1: 58.9844 (53.6655)  acc5: 82.8125 (76.1814)  time: 0.5497  data: 0.2797  max mem: 31489
Epoch: [15]  [ 500/1251]  eta: 0:06:24  lr: 0.0004969220851487845  img/s: 969.8723724049224  loss_kd: 2.491091012954712  loss_ce: 3.5229952335357666  loss: 3.0292 (2.9131)  acc1: 50.0000 (53.7324)  acc5: 74.2188 (76.2740)  time: 0.4453  data: 0.1777  max mem: 31489
Epoch: [15]  [ 550/1251]  eta: 0:05:57  lr: 0.0004969220851487845  img/s: 965.4770855363013  loss_kd: 2.4101924896240234  loss_ce: 3.5310378074645996  loss: 2.9344 (2.9119)  acc1: 58.5938 (53.8113)  acc5: 78.1250 (76.2683)  time: 0.4594  data: 0.1875  max mem: 31489
Epoch: [15]  [ 600/1251]  eta: 0:05:34  lr: 0.0004969220851487845  img/s: 860.0502889951172  loss_kd: 2.352325677871704  loss_ce: 3.5510950088500977  loss: 2.9517 (2.9113)  acc1: 56.2500 (53.9576)  acc5: 75.7812 (76.3474)  time: 0.5886  data: 0.3122  max mem: 31489
Epoch: [15]  [ 650/1251]  eta: 0:05:09  lr: 0.0004969220851487845  img/s: 972.5041427406937  loss_kd: 2.3059937953948975  loss_ce: 3.2477517127990723  loss: 3.0749 (2.9145)  acc1: 44.9219 (53.8294)  acc5: 71.8750 (76.2853)  time: 0.5952  data: 0.3197  max mem: 31489
Epoch: [15]  [ 700/1251]  eta: 0:04:43  lr: 0.0004969220851487845  img/s: 967.3593784347713  loss_kd: 2.689621686935425  loss_ce: 4.091141700744629  loss: 2.9034 (2.9143)  acc1: 57.8125 (53.8466)  acc5: 79.2969 (76.3474)  time: 0.5132  data: 0.2445  max mem: 31489
Epoch: [15]  [ 750/1251]  eta: 0:04:18  lr: 0.0004969220851487845  img/s: 957.4260482501819  loss_kd: 1.9594850540161133  loss_ce: 2.3374085426330566  loss: 2.9812 (2.9140)  acc1: 56.2500 (53.8641)  acc5: 77.7344 (76.3331)  time: 0.4770  data: 0.2023  max mem: 31489
Epoch: [15]  [ 800/1251]  eta: 0:03:52  lr: 0.0004969220851487845  img/s: 756.7504230434461  loss_kd: 2.3763437271118164  loss_ce: 3.8507988452911377  loss: 3.0753 (2.9081)  acc1: 50.7812 (54.0540)  acc5: 74.6094 (76.4718)  time: 0.5084  data: 0.2328  max mem: 31489
Epoch: [15]  [ 850/1251]  eta: 0:03:28  lr: 0.0004969220851487845  img/s: 966.3059912777564  loss_kd: 2.434451103210449  loss_ce: 3.821323871612549  loss: 2.7523 (2.9046)  acc1: 58.9844 (54.0467)  acc5: 80.4688 (76.4661)  time: 0.5672  data: 0.2878  max mem: 31489
Epoch: [15]  [ 900/1251]  eta: 0:03:02  lr: 0.0004969220851487845  img/s: 956.4810706612174  loss_kd: 2.315298557281494  loss_ce: 3.2440736293792725  loss: 3.0907 (2.9034)  acc1: 51.5625 (54.0068)  acc5: 74.6094 (76.4532)  time: 0.5521  data: 0.2654  max mem: 31489
Epoch: [15]  [ 950/1251]  eta: 0:02:36  lr: 0.0004969220851487845  img/s: 969.3347753473382  loss_kd: 2.0645203590393066  loss_ce: 2.7075164318084717  loss: 2.9319 (2.9034)  acc1: 57.4219 (54.0188)  acc5: 78.9062 (76.4832)  time: 0.4929  data: 0.2217  max mem: 31489
Epoch: [15]  [1000/1251]  eta: 0:02:11  lr: 0.0004969220851487845  img/s: 954.7876900586615  loss_kd: 2.274568796157837  loss_ce: 3.1368250846862793  loss: 2.9204 (2.9018)  acc1: 58.2031 (54.0569)  acc5: 79.2969 (76.4985)  time: 0.5117  data: 0.2410  max mem: 31489
Epoch: [15]  [1050/1251]  eta: 0:01:45  lr: 0.0004969220851487845  img/s: 974.4130780616315  loss_kd: 2.1898322105407715  loss_ce: 3.464729070663452  loss: 3.0735 (2.9032)  acc1: 51.5625 (54.0754)  acc5: 73.4375 (76.4975)  time: 0.5891  data: 0.3184  max mem: 31489
Epoch: [15]  [1100/1251]  eta: 0:01:19  lr: 0.0004969220851487845  img/s: 960.5531253662207  loss_kd: 2.201097011566162  loss_ce: 2.851262092590332  loss: 3.0230 (2.9017)  acc1: 51.9531 (54.1447)  acc5: 76.9531 (76.5565)  time: 0.5457  data: 0.2764  max mem: 31489
Epoch: [15]  [1150/1251]  eta: 0:00:53  lr: 0.0004969220851487845  img/s: 957.7864496827127  loss_kd: 2.41457462310791  loss_ce: 3.7470450401306152  loss: 3.0808 (2.9019)  acc1: 48.8281 (54.1377)  acc5: 74.6094 (76.5652)  time: 0.5251  data: 0.2531  max mem: 31489
Epoch: [15]  [1200/1251]  eta: 0:00:27  lr: 0.0004969220851487845  img/s: 881.7467579392713  loss_kd: 2.6106977462768555  loss_ce: 4.0279951095581055  loss: 2.8921 (2.9009)  acc1: 56.2500 (54.1391)  acc5: 79.2969 (76.5726)  time: 0.6465  data: 0.3706  max mem: 31489
Epoch: [15]  [1250/1251]  eta: 0:00:00  lr: 0.0004969220851487845  img/s: 976.0614939331465  loss_kd: 2.675365447998047  loss_ce: 3.865844488143921  loss: 2.8222 (2.8981)  acc1: 52.3438 (54.2119)  acc5: 76.9531 (76.6215)  time: 0.6828  data: 0.3968  max mem: 31489
Epoch: [15] Total time: 0:11:08
Test:   [ 0/49]  eta: 0:02:05  loss: 1.4021 (1.4021)  acc1: 88.6719 (88.6719)  acc5: 98.8281 (98.8281)  time: 2.5579  data: 2.3596  max mem: 31489
Test:  Total time: 0:00:12
Test:  Acc@1 73.974 Acc@5 92.052
Epoch: [16]  [   0/1251]  eta: 1:45:39  lr: 0.0004964990092676263  img/s: 902.3586502712769  loss_kd: 2.1851468086242676  loss_ce: 2.5151209831237793  loss: 2.3501 (2.3501)  acc1: 62.1094 (62.1094)  acc5: 84.7656 (84.7656)  time: 5.0676  data: 4.7833  max mem: 31489
Epoch: [16]  [  50/1251]  eta: 0:12:07  lr: 0.0004964990092676263  img/s: 973.7494413651006  loss_kd: 2.208629608154297  loss_ce: 3.3522348403930664  loss: 2.9950 (2.8840)  acc1: 55.4688 (54.9249)  acc5: 76.9531 (77.3591)  time: 0.5777  data: 0.2918  max mem: 31489
Epoch: [16]  [ 100/1251]  eta: 0:10:43  lr: 0.0004964990092676263  img/s: 958.8769904383943  loss_kd: 2.8289475440979004  loss_ce: 4.0653581619262695  loss: 2.9129 (2.8982)  acc1: 58.5938 (53.7399)  acc5: 78.1250 (76.3691)  time: 0.4816  data: 0.2029  max mem: 31489
Epoch: [16]  [ 150/1251]  eta: 0:09:53  lr: 0.0004964990092676263  img/s: 973.3848704697032  loss_kd: 2.0276038646698  loss_ce: 2.3092355728149414  loss: 3.1123 (2.9339)  acc1: 50.3906 (53.0965)  acc5: 73.4375 (75.9416)  time: 0.4473  data: 0.1769  max mem: 31489
Epoch: [16]  [ 200/1251]  eta: 0:09:29  lr: 0.0004964990092676263  img/s: 935.6680908391405  loss_kd: 2.0245625972747803  loss_ce: 2.5439372062683105  loss: 2.9701 (2.9286)  acc1: 52.7344 (52.9151)  acc5: 75.3906 (75.9212)  time: 0.5397  data: 0.2661  max mem: 31489
Epoch: [16]  [ 250/1251]  eta: 0:09:07  lr: 0.0004964990092676263  img/s: 949.1673994869374  loss_kd: 2.978484630584717  loss_ce: 4.230720043182373  loss: 2.8301 (2.9207)  acc1: 59.3750 (52.9071)  acc5: 78.9062 (75.8933)  time: 0.6388  data: 0.3577  max mem: 31489
Epoch: [16]  [ 300/1251]  eta: 0:08:41  lr: 0.0004964990092676263  img/s: 959.1870712657972  loss_kd: 2.433910608291626  loss_ce: 3.9936585426330566  loss: 2.9473 (2.9115)  acc1: 53.9062 (53.1613)  acc5: 77.3438 (76.1771)  time: 0.5775  data: 0.2923  max mem: 31489
Epoch: [16]  [ 350/1251]  eta: 0:08:18  lr: 0.0004964990092676263  img/s: 972.8081177435209  loss_kd: 2.0446279048919678  loss_ce: 3.000260353088379  loss: 2.8824 (2.9036)  acc1: 58.2031 (53.4099)  acc5: 78.9062 (76.3132)  time: 0.5880  data: 0.3038  max mem: 31489
Epoch: [16]  [ 400/1251]  eta: 0:07:54  lr: 0.0004964990092676263  img/s: 974.4962068098631  loss_kd: 2.517360210418701  loss_ce: 3.5130481719970703  loss: 2.9647 (2.8962)  acc1: 58.2031 (53.9170)  acc5: 78.5156 (76.6209)  time: 0.5971  data: 0.3146  max mem: 31489
Epoch: [16]  [ 450/1251]  eta: 0:07:31  lr: 0.0004964990092676263  img/s: 968.5024146223105  loss_kd: 2.4113261699676514  loss_ce: 3.7485616207122803  loss: 3.0243 (2.8949)  acc1: 51.1719 (53.8586)  acc5: 75.3906 (76.5746)  time: 0.6276  data: 0.3437  max mem: 31489
Epoch: [16]  [ 500/1251]  eta: 0:07:04  lr: 0.0004964990092676263  img/s: 968.488437580614  loss_kd: 2.2833800315856934  loss_ce: 3.274261474609375  loss: 2.9194 (2.8949)  acc1: 57.4219 (53.8946)  acc5: 80.4688 (76.5976)  time: 0.6275  data: 0.3425  max mem: 31489
Epoch: [16]  [ 550/1251]  eta: 0:06:36  lr: 0.0004964990092676263  img/s: 970.1519131676932  loss_kd: 2.5925729274749756  loss_ce: 3.6651687622070312  loss: 2.9174 (2.9061)  acc1: 58.2031 (53.7085)  acc5: 78.5156 (76.4675)  time: 0.5332  data: 0.2481  max mem: 31489
Epoch: [16]  [ 600/1251]  eta: 0:06:08  lr: 0.0004964990092676263  img/s: 973.2807574923927  loss_kd: 2.3281540870666504  loss_ce: 3.5859408378601074  loss: 3.0528 (2.9066)  acc1: 47.2656 (53.6840)  acc5: 73.4375 (76.4468)  time: 0.5549  data: 0.2710  max mem: 31489
Epoch: [16]  [ 650/1251]  eta: 0:05:41  lr: 0.0004964990092676263  img/s: 969.4520502430533  loss_kd: 2.638179302215576  loss_ce: 3.880929470062256  loss: 2.9396 (2.9061)  acc1: 57.0312 (53.7658)  acc5: 80.4688 (76.5217)  time: 0.6134  data: 0.3251  max mem: 31489
Epoch: [16]  [ 700/1251]  eta: 0:05:14  lr: 0.0004964990092676263  img/s: 971.7876902636766  loss_kd: 2.086973190307617  loss_ce: 2.7604238986968994  loss: 3.0189 (2.9135)  acc1: 48.8281 (53.5179)  acc5: 73.4375 (76.3363)  time: 0.6571  data: 0.3742  max mem: 31489
Epoch: [16]  [ 750/1251]  eta: 0:04:46  lr: 0.0004964990092676263  img/s: 964.2519763387153  loss_kd: 2.366699695587158  loss_ce: 3.4848923683166504  loss: 3.0704 (2.9151)  acc1: 50.3906 (53.5323)  acc5: 76.5625 (76.3529)  time: 0.5766  data: 0.2939  max mem: 31489
Epoch: [16]  [ 800/1251]  eta: 0:04:18  lr: 0.0004964990092676263  img/s: 716.5879436121913  loss_kd: 2.526127815246582  loss_ce: 3.5992774963378906  loss: 3.0572 (2.9167)  acc1: 54.2969 (53.4903)  acc5: 76.1719 (76.2709)  time: 0.5710  data: 0.2896  max mem: 31489
Epoch: [16]  [ 850/1251]  eta: 0:03:51  lr: 0.0004964990092676263  img/s: 967.3924972115459  loss_kd: 2.0545105934143066  loss_ce: 2.723374843597412  loss: 3.0036 (2.9179)  acc1: 53.5156 (53.5000)  acc5: 71.8750 (76.2683)  time: 0.6400  data: 0.3649  max mem: 31489
Epoch: [16]  [ 900/1251]  eta: 0:03:23  lr: 0.0004964990092676263  img/s: 974.9262264642618  loss_kd: 2.522430896759033  loss_ce: 3.9970345497131348  loss: 2.7635 (2.9152)  acc1: 61.7188 (53.5603)  acc5: 81.2500 (76.3162)  time: 0.6803  data: 0.4069  max mem: 31489
Epoch: [16]  [ 950/1251]  eta: 0:02:54  lr: 0.0004964990092676263  img/s: 939.1174581406251  loss_kd: 2.570457935333252  loss_ce: 3.7807559967041016  loss: 3.1143 (2.9148)  acc1: 51.1719 (53.6039)  acc5: 75.0000 (76.3506)  time: 0.6869  data: 0.4109  max mem: 31489
Epoch: [16]  [1000/1251]  eta: 0:02:25  lr: 0.0004964990092676263  img/s: 932.480372387081  loss_kd: 1.9805777072906494  loss_ce: 2.4937829971313477  loss: 2.5644 (2.9095)  acc1: 61.7188 (53.7872)  acc5: 83.2031 (76.5083)  time: 0.5525  data: 0.2775  max mem: 31489
Epoch: [16]  [1050/1251]  eta: 0:01:57  lr: 0.0004964990092676263  img/s: 972.411666311962  loss_kd: 2.3855209350585938  loss_ce: 3.61814284324646  loss: 3.0556 (2.9113)  acc1: 50.7812 (53.7435)  acc5: 74.6094 (76.4711)  time: 0.6069  data: 0.3102  max mem: 31489
Epoch: [16]  [1100/1251]  eta: 0:01:28  lr: 0.0004964990092676263  img/s: 974.0524282325406  loss_kd: 1.9646236896514893  loss_ce: 2.6417031288146973  loss: 2.6656 (2.9065)  acc1: 59.7656 (53.8945)  acc5: 82.0312 (76.5700)  time: 0.6628  data: 0.3872  max mem: 31489
Epoch: [16]  [1150/1251]  eta: 0:00:59  lr: 0.0004964990092676263  img/s: 970.2088926477711  loss_kd: 2.6845345497131348  loss_ce: 4.009464740753174  loss: 3.0504 (2.9097)  acc1: 52.7344 (53.8302)  acc5: 76.9531 (76.5014)  time: 0.6128  data: 0.3357  max mem: 31489
Epoch: [16]  [1200/1251]  eta: 0:00:30  lr: 0.0004964990092676263  img/s: 785.2388050969425  loss_kd: 2.2786848545074463  loss_ce: 3.1515095233917236  loss: 3.0146 (2.9107)  acc1: 54.6875 (53.8692)  acc5: 76.1719 (76.5228)  time: 0.6227  data: 0.3425  max mem: 31489
Epoch: [16]  [1250/1251]  eta: 0:00:00  lr: 0.0004964990092676263  img/s: 974.1584739957813  loss_kd: 2.3337559700012207  loss_ce: 3.5191893577575684  loss: 2.8578 (2.9099)  acc1: 57.8125 (53.8728)  acc5: 78.9062 (76.5185)  time: 0.5684  data: 0.2961  max mem: 31489
Epoch: [16] Total time: 0:12:19
Test:   [ 0/49]  eta: 0:02:10  loss: 1.4217 (1.4217)  acc1: 89.0625 (89.0625)  acc5: 97.2656 (97.2656)  time: 2.6665  data: 2.4693  max mem: 31489
Test:  Total time: 0:00:12
Test:  Acc@1 73.952 Acc@5 91.976
Epoch: [17]  [   0/1251]  eta: 1:52:19  lr: 0.0004960489019923105  img/s: 816.1824066599471  loss_kd: 2.426562547683716  loss_ce: 3.498255491256714  loss: 2.9624 (2.9624)  acc1: 57.4219 (57.4219)  acc5: 80.8594 (80.8594)  time: 5.3874  data: 5.0732  max mem: 31489
Epoch: [17]  [  50/1251]  eta: 0:13:14  lr: 0.0004960489019923105  img/s: 974.708514773471  loss_kd: 2.350672483444214  loss_ce: 3.5702242851257324  loss: 2.9604 (2.9655)  acc1: 55.0781 (51.3097)  acc5: 76.5625 (74.0119)  time: 0.6469  data: 0.3653  max mem: 31489
Epoch: [17]  [ 100/1251]  eta: 0:11:41  lr: 0.0004960489019923105  img/s: 959.6662918837756  loss_kd: 1.8726239204406738  loss_ce: 2.2867424488067627  loss: 2.8001 (2.8773)  acc1: 61.3281 (54.5173)  acc5: 81.6406 (76.7984)  time: 0.5126  data: 0.2434  max mem: 31489
Epoch: [17]  [ 150/1251]  eta: 0:10:49  lr: 0.0004960489019923105  img/s: 972.7984228541194  loss_kd: 2.262315034866333  loss_ce: 3.560518741607666  loss: 2.9190 (2.8496)  acc1: 55.4688 (55.2152)  acc5: 78.9062 (77.3981)  time: 0.5139  data: 0.2399  max mem: 31489
Epoch: [17]  [ 200/1251]  eta: 0:10:25  lr: 0.0004960489019923105  img/s: 633.873154743562  loss_kd: 2.417025566101074  loss_ce: 3.7977709770202637  loss: 3.1295 (2.8704)  acc1: 48.4375 (54.8002)  acc5: 73.0469 (77.0522)  time: 0.6602  data: 0.3683  max mem: 31489
Epoch: [17]  [ 250/1251]  eta: 0:09:54  lr: 0.0004960489019923105  img/s: 861.077956717622  loss_kd: 2.655494213104248  loss_ce: 3.8922746181488037  loss: 2.7007 (2.8713)  acc1: 59.7656 (54.7700)  acc5: 81.6406 (77.0325)  time: 0.6453  data: 0.3601  max mem: 31489
Epoch: [17]  [ 300/1251]  eta: 0:09:23  lr: 0.0004960489019923105  img/s: 958.3865815038683  loss_kd: 2.5099358558654785  loss_ce: 3.560791492462158  loss: 2.9124 (2.8783)  acc1: 55.4688 (54.6564)  acc5: 80.4688 (77.0362)  time: 0.5462  data: 0.2631  max mem: 31489
Epoch: [17]  [ 350/1251]  eta: 0:08:54  lr: 0.0004960489019923105  img/s: 974.4130780616315  loss_kd: 2.2469985485076904  loss_ce: 3.505052089691162  loss: 3.0348 (2.8826)  acc1: 52.7344 (54.3458)  acc5: 75.7812 (76.8474)  time: 0.5244  data: 0.2505  max mem: 31489
Epoch: [17]  [ 400/1251]  eta: 0:08:29  lr: 0.0004960489019923105  img/s: 663.3625394236502  loss_kd: 2.5471744537353516  loss_ce: 3.8532824516296387  loss: 2.9082 (2.8794)  acc1: 54.2969 (54.3855)  acc5: 78.5156 (76.9054)  time: 0.6715  data: 0.3890  max mem: 31489
Epoch: [17]  [ 450/1251]  eta: 0:07:59  lr: 0.0004960489019923105  img/s: 974.7315203567249  loss_kd: 2.531585931777954  loss_ce: 4.019453048706055  loss: 2.9863 (2.8784)  acc1: 49.2188 (54.3844)  acc5: 73.8281 (76.9332)  time: 0.6857  data: 0.4052  max mem: 31489
Epoch: [17]  [ 500/1251]  eta: 0:07:30  lr: 0.0004960489019923105  img/s: 970.3167336743813  loss_kd: 2.6534616947174072  loss_ce: 3.6277785301208496  loss: 2.9501 (2.8694)  acc1: 58.2031 (54.6641)  acc5: 78.9062 (77.1075)  time: 0.5385  data: 0.2689  max mem: 31489
Epoch: [17]  [ 550/1251]  eta: 0:07:01  lr: 0.0004960489019923105  img/s: 967.9209611584671  loss_kd: 2.484194278717041  loss_ce: 3.652677297592163  loss: 3.0735 (2.8783)  acc1: 52.3438 (54.4110)  acc5: 75.7812 (76.9482)  time: 0.5653  data: 0.2948  max mem: 31489
Epoch: [17]  [ 600/1251]  eta: 0:06:35  lr: 0.0004960489019923105  img/s: 655.2544170128837  loss_kd: 2.505662679672241  loss_ce: 3.8987135887145996  loss: 2.7747 (2.8825)  acc1: 59.3750 (54.2488)  acc5: 80.0781 (76.8608)  time: 0.7111  data: 0.4307  max mem: 31489
Epoch: [17]  [ 650/1251]  eta: 0:06:07  lr: 0.0004960489019923105  img/s: 814.4372273652992  loss_kd: 2.1208739280700684  loss_ce: 3.2826735973358154  loss: 2.7525 (2.8802)  acc1: 60.5469 (54.2489)  acc5: 81.2500 (76.8949)  time: 0.7473  data: 0.4641  max mem: 31489
Epoch: [17]  [ 700/1251]  eta: 0:05:38  lr: 0.0004960489019923105  img/s: 968.9752508976908  loss_kd: 2.227616310119629  loss_ce: 3.2533435821533203  loss: 2.8514 (2.8792)  acc1: 57.8125 (54.3013)  acc5: 78.9062 (76.9303)  time: 0.6098  data: 0.3356  max mem: 31489
Epoch: [17]  [ 750/1251]  eta: 0:05:09  lr: 0.0004960489019923105  img/s: 959.278763394269  loss_kd: 2.5780563354492188  loss_ce: 3.8060708045959473  loss: 2.6942 (2.8777)  acc1: 62.1094 (54.3348)  acc5: 82.0312 (76.9651)  time: 0.6049  data: 0.3379  max mem: 31489
Epoch: [17]  [ 800/1251]  eta: 0:04:42  lr: 0.0004960489019923105  img/s: 599.9921904030693  loss_kd: 2.1718828678131104  loss_ce: 2.5078999996185303  loss: 2.7397 (2.8754)  acc1: 60.1562 (54.3754)  acc5: 80.8594 (77.0185)  time: 0.7823  data: 0.4918  max mem: 31489
Epoch: [17]  [ 850/1251]  eta: 0:04:12  lr: 0.0004960489019923105  img/s: 967.640960339711  loss_kd: 2.084822416305542  loss_ce: 2.6892292499542236  loss: 3.0356 (2.8781)  acc1: 50.7812 (54.2748)  acc5: 76.5625 (76.9283)  time: 0.8228  data: 0.5530  max mem: 31489
Epoch: [17]  [ 900/1251]  eta: 0:03:42  lr: 0.0004960489019923105  img/s: 963.577026174496  loss_kd: 2.655205011367798  loss_ce: 3.897247314453125  loss: 2.9498 (2.8829)  acc1: 55.8594 (54.1594)  acc5: 78.9062 (76.8551)  time: 0.6160  data: 0.3412  max mem: 31489
Epoch: [17]  [ 950/1251]  eta: 0:03:12  lr: 0.0004960489019923105  img/s: 962.5620562543926  loss_kd: 2.5533745288848877  loss_ce: 3.8823635578155518  loss: 2.9901 (2.8839)  acc1: 51.5625 (54.1872)  acc5: 76.5625 (76.8389)  time: 0.6519  data: 0.3768  max mem: 31489
Epoch: [17]  [1000/1251]  eta: 0:02:42  lr: 0.0004960489019923105  img/s: 878.6082118069478  loss_kd: 2.091953992843628  loss_ce: 2.4287917613983154  loss: 2.8129 (2.8794)  acc1: 55.8594 (54.2789)  acc5: 79.2969 (76.9293)  time: 0.8385  data: 0.5634  max mem: 31489
Epoch: [17]  [1050/1251]  eta: 0:02:10  lr: 0.0004960489019923105  img/s: 970.8527873068  loss_kd: 2.226874828338623  loss_ce: 3.356938123703003  loss: 3.0714 (2.8818)  acc1: 50.3906 (54.1664)  acc5: 71.8750 (76.8279)  time: 0.8414  data: 0.5720  max mem: 31489
Epoch: [17]  [1100/1251]  eta: 0:01:38  lr: 0.0004960489019923105  img/s: 962.461108207895  loss_kd: 2.706054925918579  loss_ce: 4.016331195831299  loss: 2.8703 (2.8826)  acc1: 58.5938 (54.1762)  acc5: 80.0781 (76.8080)  time: 0.6625  data: 0.3904  max mem: 31489
Epoch: [17]  [1150/1251]  eta: 0:01:06  lr: 0.0004960489019923105  img/s: 937.1404791911773  loss_kd: 2.3620760440826416  loss_ce: 3.919856548309326  loss: 3.0953 (2.8851)  acc1: 49.6094 (54.0556)  acc5: 73.8281 (76.7210)  time: 0.6569  data: 0.3855  max mem: 31489
Epoch: [17]  [1200/1251]  eta: 0:00:33  lr: 0.0004960489019923105  img/s: 714.4057389756125  loss_kd: 2.4966437816619873  loss_ce: 3.5720319747924805  loss: 3.0553 (2.8888)  acc1: 50.3906 (53.9583)  acc5: 74.6094 (76.6471)  time: 0.8075  data: 0.5322  max mem: 31489
Epoch: [17]  [1250/1251]  eta: 0:00:00  lr: 0.0004960489019923105  img/s: 976.1608779923706  loss_kd: 2.4026741981506348  loss_ce: 3.453972339630127  loss: 3.0393 (2.8906)  acc1: 52.7344 (53.9297)  acc5: 75.3906 (76.6068)  time: 0.8394  data: 0.5651  max mem: 31489
Epoch: [17] Total time: 0:13:54
Test:   [ 0/49]  eta: 0:02:03  loss: 1.4211 (1.4211)  acc1: 91.0156 (91.0156)  acc5: 97.2656 (97.2656)  time: 2.5283  data: 2.3298  max mem: 31489
Test:  Total time: 0:00:12
Test:  Acc@1 73.986 Acc@5 91.850
Epoch: [18]  [   0/1251]  eta: 2:01:42  lr: 0.0004955718126821723  img/s: 878.4198907683195  loss_kd: 2.139723062515259  loss_ce: 3.0218253135681152  loss: 2.5808 (2.5808)  acc1: 64.4531 (64.4531)  acc5: 84.3750 (84.3750)  time: 5.8374  data: 5.5455  max mem: 31489
Epoch: [18]  [  50/1251]  eta: 0:14:25  lr: 0.0004955718126821723  img/s: 953.5099414436095  loss_kd: 2.109342098236084  loss_ce: 3.0986227989196777  loss: 2.9436 (2.8958)  acc1: 58.5938 (54.0518)  acc5: 79.2969 (76.4706)  time: 0.7109  data: 0.4297  max mem: 31489
Epoch: [18]  [ 100/1251]  eta: 0:12:48  lr: 0.0004955718126821723  img/s: 971.2681751778599  loss_kd: 2.5988612174987793  loss_ce: 3.757643461227417  loss: 2.9361 (2.9044)  acc1: 54.6875 (53.6084)  acc5: 78.9062 (76.2802)  time: 0.5669  data: 0.2919  max mem: 31489
Epoch: [18]  [ 150/1251]  eta: 0:11:50  lr: 0.0004955718126821723  img/s: 975.040431227684  loss_kd: 2.677018404006958  loss_ce: 3.845067024230957  loss: 2.9957 (2.8775)  acc1: 56.2500 (54.4340)  acc5: 78.9062 (77.0204)  time: 0.5264  data: 0.2469  max mem: 31489
Epoch: [18]  [ 200/1251]  eta: 0:11:18  lr: 0.0004955718126821723  img/s: 838.7376104134705  loss_kd: 2.5766472816467285  loss_ce: 3.8340678215026855  loss: 3.0638 (2.8918)  acc1: 46.8750 (53.9704)  acc5: 71.8750 (76.7102)  time: 0.6523  data: 0.3731  max mem: 31489
Epoch: [18]  [ 250/1251]  eta: 0:10:41  lr: 0.0004955718126821723  img/s: 971.6109400379146  loss_kd: 2.567831516265869  loss_ce: 3.606276035308838  loss: 3.0009 (2.8820)  acc1: 57.0312 (54.3871)  acc5: 76.9531 (76.9438)  time: 0.6710  data: 0.3904  max mem: 31489
Epoch: [18]  [ 300/1251]  eta: 0:10:09  lr: 0.0004955718126821723  img/s: 972.9227083474913  loss_kd: 2.4292943477630615  loss_ce: 3.7054624557495117  loss: 3.0400 (2.8844)  acc1: 50.3906 (54.4747)  acc5: 75.7812 (76.9414)  time: 0.6340  data: 0.3391  max mem: 31489
Epoch: [18]  [ 350/1251]  eta: 0:09:38  lr: 0.0004955718126821723  img/s: 964.256305992399  loss_kd: 2.6394224166870117  loss_ce: 3.967118978500366  loss: 2.8369 (2.8834)  acc1: 59.3750 (54.6230)  acc5: 79.2969 (77.0700)  time: 0.6096  data: 0.3300  max mem: 31489
Epoch: [18]  [ 400/1251]  eta: 0:09:15  lr: 0.0004955718126821723  img/s: 809.5494188917664  loss_kd: 2.2777740955352783  loss_ce: 3.349179267883301  loss: 2.9571 (2.8952)  acc1: 53.1250 (54.4011)  acc5: 78.1250 (76.9327)  time: 0.7660  data: 0.4907  max mem: 31489
Epoch: [18]  [ 450/1251]  eta: 0:08:46  lr: 0.0004955718126821723  img/s: 675.9916922427985  loss_kd: 1.998405933380127  loss_ce: 2.2449898719787598  loss: 2.2772 (2.8714)  acc1: 65.2344 (54.9378)  acc5: 85.5469 (77.2883)  time: 0.7892  data: 0.5076  max mem: 31489
Epoch: [18]  [ 500/1251]  eta: 0:08:14  lr: 0.0004955718126821723  img/s: 968.507656116956  loss_kd: 2.3498377799987793  loss_ce: 3.7556726932525635  loss: 3.0528 (2.8802)  acc1: 54.6875 (54.7156)  acc5: 75.3906 (77.1722)  time: 0.6706  data: 0.4002  max mem: 31489
Epoch: [18]  [ 550/1251]  eta: 0:07:39  lr: 0.0004955718126821723  img/s: 957.4064133120406  loss_kd: 2.600562334060669  loss_ce: 4.005240440368652  loss: 2.9604 (2.8772)  acc1: 54.6875 (54.7619)  acc5: 77.3438 (77.1722)  time: 0.5946  data: 0.3229  max mem: 31489
Epoch: [18]  [ 600/1251]  eta: 0:07:09  lr: 0.0004955718126821723  img/s: 904.6409161143997  loss_kd: 2.34731388092041  loss_ce: 3.379544734954834  loss: 2.7275 (2.8741)  acc1: 61.3281 (54.7817)  acc5: 81.2500 (77.2255)  time: 0.6509  data: 0.3800  max mem: 31489
Epoch: [18]  [ 650/1251]  eta: 0:06:39  lr: 0.0004955718126821723  img/s: 787.6546338285845  loss_kd: 2.6711251735687256  loss_ce: 3.8787167072296143  loss: 2.8375 (2.8706)  acc1: 57.0312 (54.8435)  acc5: 79.2969 (77.2759)  time: 0.7777  data: 0.4961  max mem: 31489
Epoch: [18]  [ 700/1251]  eta: 0:06:05  lr: 0.0004955718126821723  img/s: 974.2530509437283  loss_kd: 2.4611761569976807  loss_ce: 3.7285261154174805  loss: 2.9016 (2.8699)  acc1: 57.4219 (54.8413)  acc5: 78.5156 (77.2880)  time: 0.7056  data: 0.4222  max mem: 31489
Epoch: [18]  [ 750/1251]  eta: 0:05:32  lr: 0.0004955718126821723  img/s: 950.0946111196646  loss_kd: 2.3139140605926514  loss_ce: 3.666926860809326  loss: 2.8568 (2.8695)  acc1: 58.5938 (54.8498)  acc5: 79.2969 (77.2990)  time: 0.6103  data: 0.3295  max mem: 31489
Epoch: [18]  [ 800/1251]  eta: 0:05:00  lr: 0.0004955718126821723  img/s: 961.6026121758848  loss_kd: 2.142970561981201  loss_ce: 3.239213466644287  loss: 2.7867 (2.8697)  acc1: 60.9375 (54.7509)  acc5: 80.8594 (77.2423)  time: 0.6833  data: 0.4038  max mem: 31489
Epoch: [18]  [ 850/1251]  eta: 0:04:29  lr: 0.0004955718126821723  img/s: 836.1016645071264  loss_kd: 2.240691661834717  loss_ce: 3.3462090492248535  loss: 3.0171 (2.8716)  acc1: 54.6875 (54.6916)  acc5: 76.9531 (77.1868)  time: 0.8069  data: 0.5107  max mem: 31489
Epoch: [18]  [ 900/1251]  eta: 0:03:56  lr: 0.0004955718126821723  img/s: 969.2945233426856  loss_kd: 2.1113221645355225  loss_ce: 3.239396572113037  loss: 2.6754 (2.8702)  acc1: 60.5469 (54.6892)  acc5: 78.5156 (77.1378)  time: 0.6843  data: 0.4038  max mem: 31489
Epoch: [18]  [ 950/1251]  eta: 0:03:23  lr: 0.0004955718126821723  img/s: 972.3517861977971  loss_kd: 1.9592984914779663  loss_ce: 2.8094887733459473  loss: 2.9291 (2.8718)  acc1: 51.5625 (54.6448)  acc5: 75.3906 (77.1067)  time: 0.6583  data: 0.3861  max mem: 31489
Epoch: [18]  [1000/1251]  eta: 0:02:51  lr: 0.0004955718126821723  img/s: 961.053496292252  loss_kd: 2.186164379119873  loss_ce: 2.9024691581726074  loss: 2.8705 (2.8720)  acc1: 57.4219 (54.5993)  acc5: 78.9062 (77.0839)  time: 0.8218  data: 0.5480  max mem: 31489
Epoch: [18]  [1050/1251]  eta: 0:02:17  lr: 0.0004955718126821723  img/s: 961.0027476609082  loss_kd: 2.2082624435424805  loss_ce: 3.0029525756835938  loss: 3.0205 (2.8680)  acc1: 53.9062 (54.6656)  acc5: 76.1719 (77.1375)  time: 0.8017  data: 0.5279  max mem: 31489
Epoch: [18]  [1100/1251]  eta: 0:01:42  lr: 0.0004955718126821723  img/s: 967.2086295033532  loss_kd: 2.449061870574951  loss_ce: 3.6487817764282227  loss: 3.0208 (2.8683)  acc1: 51.5625 (54.6726)  acc5: 75.3906 (77.1373)  time: 0.5855  data: 0.3124  max mem: 31489
Epoch: [18]  [1150/1251]  eta: 0:01:08  lr: 0.0004955718126821723  img/s: 964.6236021273537  loss_kd: 2.4613120555877686  loss_ce: 3.7395806312561035  loss: 2.9723 (2.8722)  acc1: 54.2969 (54.5463)  acc5: 77.3438 (77.0332)  time: 0.5788  data: 0.3094  max mem: 31489
Epoch: [18]  [1200/1251]  eta: 0:00:34  lr: 0.0004955718126821723  img/s: 953.5090947033776  loss_kd: 1.9942151308059692  loss_ce: 2.7317628860473633  loss: 2.8562 (2.8687)  acc1: 58.2031 (54.6621)  acc5: 77.7344 (77.0832)  time: 0.7014  data: 0.4255  max mem: 31489
Epoch: [18]  [1250/1251]  eta: 0:00:00  lr: 0.0004955718126821723  img/s: 973.216359766952  loss_kd: 2.4731719493865967  loss_ce: 3.9155797958374023  loss: 3.0285 (2.8700)  acc1: 54.2969 (54.6044)  acc5: 76.5625 (77.0468)  time: 0.7404  data: 0.4642  max mem: 31489
Epoch: [18] Total time: 0:14:08
Test:   [ 0/49]  eta: 0:02:05  loss: 1.3910 (1.3910)  acc1: 90.2344 (90.2344)  acc5: 98.4375 (98.4375)  time: 2.5644  data: 2.3782  max mem: 31489
Test:  Total time: 0:00:38
Test:  Acc@1 74.212 Acc@5 91.960
Epoch: [19]  [   0/1251]  eta: 1:50:40  lr: 0.0004950677936554306  img/s: 570.9045291483874  loss_kd: 2.415571928024292  loss_ce: 4.001447677612305  loss: 3.2085 (3.2085)  acc1: 44.1406 (44.1406)  acc5: 68.3594 (68.3594)  time: 5.3078  data: 4.8588  max mem: 31489
Epoch: [19]  [  50/1251]  eta: 0:13:45  lr: 0.0004950677936554306  img/s: 960.3306191954895  loss_kd: 2.0922842025756836  loss_ce: 3.0878686904907227  loss: 3.0793 (2.8516)  acc1: 51.9531 (54.6952)  acc5: 76.1719 (76.9608)  time: 0.6850  data: 0.4089  max mem: 31489
Epoch: [19]  [ 100/1251]  eta: 0:12:19  lr: 0.0004950677936554306  img/s: 969.2184036907756  loss_kd: 2.3195137977600098  loss_ce: 3.531341075897217  loss: 2.9254 (2.8697)  acc1: 57.0312 (54.5212)  acc5: 78.1250 (77.1040)  time: 0.5590  data: 0.2866  max mem: 31489
Epoch: [19]  [ 150/1251]  eta: 0:11:38  lr: 0.0004950677936554306  img/s: 972.3958149757793  loss_kd: 2.343332529067993  loss_ce: 3.775489330291748  loss: 2.9693 (2.8819)  acc1: 48.8281 (53.9632)  acc5: 73.8281 (76.6401)  time: 0.5814  data: 0.3127  max mem: 31489
Epoch: [19]  [ 200/1251]  eta: 0:11:18  lr: 0.0004950677936554306  img/s: 772.0556675249522  loss_kd: 2.6298537254333496  loss_ce: 3.6533429622650146  loss: 2.9423 (2.9030)  acc1: 50.0000 (53.3388)  acc5: 75.3906 (76.2652)  time: 0.7198  data: 0.4493  max mem: 31489
Epoch: [19]  [ 250/1251]  eta: 0:10:40  lr: 0.0004950677936554306  img/s: 960.8419357119144  loss_kd: 2.0382697582244873  loss_ce: 3.2338976860046387  loss: 2.7974 (2.8823)  acc1: 60.9375 (53.9218)  acc5: 80.0781 (76.5516)  time: 0.6938  data: 0.4212  max mem: 31489
Epoch: [19]  [ 300/1251]  eta: 0:10:08  lr: 0.0004950677936554306  img/s: 970.5307331799755  loss_kd: 2.0214576721191406  loss_ce: 2.92120099067688  loss: 3.1543 (2.8920)  acc1: 43.7500 (53.6065)  acc5: 70.7031 (76.3302)  time: 0.5798  data: 0.3106  max mem: 31489
Epoch: [19]  [ 350/1251]  eta: 0:09:32  lr: 0.0004950677936554306  img/s: 961.9523763876184  loss_kd: 2.5366568565368652  loss_ce: 3.881704568862915  loss: 2.9590 (2.9014)  acc1: 56.6406 (53.6436)  acc5: 78.5156 (76.3154)  time: 0.5365  data: 0.2658  max mem: 31489
Epoch: [19]  [ 400/1251]  eta: 0:09:04  lr: 0.0004950677936554306  img/s: 857.4343006676659  loss_kd: 2.1348965167999268  loss_ce: 3.3137593269348145  loss: 2.8279 (2.9009)  acc1: 61.3281 (53.7894)  acc5: 80.8594 (76.4553)  time: 0.7160  data: 0.4446  max mem: 31489
Epoch: [19]  [ 450/1251]  eta: 0:08:31  lr: 0.0004950677936554306  img/s: 965.1169465489672  loss_kd: 2.5186667442321777  loss_ce: 3.687852144241333  loss: 3.0764 (2.9035)  acc1: 50.7812 (53.5754)  acc5: 73.4375 (76.3442)  time: 0.7262  data: 0.4574  max mem: 31489
Epoch: [19]  [ 500/1251]  eta: 0:08:01  lr: 0.0004950677936554306  img/s: 973.5940460473821  loss_kd: 2.577024459838867  loss_ce: 3.808875560760498  loss: 2.8801 (2.8988)  acc1: 54.6875 (53.7472)  acc5: 78.9062 (76.5204)  time: 0.6406  data: 0.3665  max mem: 31489
Epoch: [19]  [ 550/1251]  eta: 0:07:32  lr: 0.0004950677936554306  img/s: 963.200157880809  loss_kd: 2.5281858444213867  loss_ce: 4.00901985168457  loss: 2.6700 (2.8991)  acc1: 62.8906 (53.5823)  acc5: 82.8125 (76.4519)  time: 0.6668  data: 0.3946  max mem: 31489
Epoch: [19]  [ 600/1251]  eta: 0:07:04  lr: 0.0004950677936554306  img/s: 785.0786210587656  loss_kd: 2.3431906700134277  loss_ce: 3.601411819458008  loss: 2.9723 (2.8985)  acc1: 55.4688 (53.7158)  acc5: 79.2969 (76.5047)  time: 0.7406  data: 0.4644  max mem: 31489
Epoch: [19]  [ 650/1251]  eta: 0:06:32  lr: 0.0004950677936554306  img/s: 972.5948748049134  loss_kd: 2.5323925018310547  loss_ce: 4.008753299713135  loss: 3.0615 (2.8995)  acc1: 48.8281 (53.6164)  acc5: 73.4375 (76.4707)  time: 0.7519  data: 0.4779  max mem: 31489
Epoch: [19]  [ 700/1251]  eta: 0:06:00  lr: 0.0004950677936554306  img/s: 964.5430155774321  loss_kd: 2.3963053226470947  loss_ce: 3.1643264293670654  loss: 3.0740 (2.8951)  acc1: 52.7344 (53.6193)  acc5: 73.8281 (76.4973)  time: 0.6078  data: 0.3365  max mem: 31489
Epoch: [19]  [ 750/1251]  eta: 0:05:27  lr: 0.0004950677936554306  img/s: 971.509843200058  loss_kd: 2.1339759826660156  loss_ce: 3.0447475910186768  loss: 2.8974 (2.8894)  acc1: 60.5469 (53.8293)  acc5: 81.6406 (76.6374)  time: 0.5914  data: 0.3221  max mem: 31489
