
*****************************************
Setting OMP_NUM_THREADS environment variable for each process to be 1 in default, to avoid your system being overloaded, please further tune the variable for optimal performance in your application as needed. 
*****************************************
/u/ssoma1/.local/lib/python3.9/site-packages/networkx/utils/backends.py:135: RuntimeWarning: networkx backend defined more than once: nx-loopback
  backends.update(_get_backends("networkx.backends"))
/u/ssoma1/.local/lib/python3.9/site-packages/networkx/utils/backends.py:135: RuntimeWarning: networkx backend defined more than once: nx-loopback
  backends.update(_get_backends("networkx.backends"))
/u/ssoma1/.local/lib/python3.9/site-packages/networkx/utils/backends.py:135: RuntimeWarning: networkx backend defined more than once: nx-loopback
  backends.update(_get_backends("networkx.backends"))
/u/ssoma1/.local/lib/python3.9/site-packages/networkx/utils/backends.py:135: RuntimeWarning: networkx backend defined more than once: nx-loopback
  backends.update(_get_backends("networkx.backends"))
/u/ssoma1/.local/lib/python3.9/site-packages/torch/distributed/distributed_c10d.py:4631: UserWarning: No device id is provided via `init_process_group` or `barrier `. Using the current device set by the user. 
  warnings.warn(  # warn only once
/u/ssoma1/.local/lib/python3.9/site-packages/torch/distributed/distributed_c10d.py:4631: UserWarning: No device id is provided via `init_process_group` or `barrier `. Using the current device set by the user. 
  warnings.warn(  # warn only once
[rank3]:[W711 07:10:40.452324853 ProcessGroupNCCL.cpp:4718] [PG ID 0 PG GUID 0 Rank 3]  using GPU 3 as device used by this process is currently unknown. This can potentially cause a hang if this rank to GPU mapping is incorrect. You can pecify device_id in init_process_group() to force use of a particular device.
/u/ssoma1/.local/lib/python3.9/site-packages/torch/distributed/distributed_c10d.py:4631: UserWarning: No device id is provided via `init_process_group` or `barrier `. Using the current device set by the user. 
  warnings.warn(  # warn only once
[rank2]:[W711 07:10:40.477414498 ProcessGroupNCCL.cpp:4718] [PG ID 0 PG GUID 0 Rank 2]  using GPU 2 as device used by this process is currently unknown. This can potentially cause a hang if this rank to GPU mapping is incorrect. You can pecify device_id in init_process_group() to force use of a particular device.
[rank0]:[W711 07:10:40.485406590 ProcessGroupNCCL.cpp:4718] [PG ID 0 PG GUID 0 Rank 0]  using GPU 0 as device used by this process is currently unknown. This can potentially cause a hang if this rank to GPU mapping is incorrect. You can pecify device_id in init_process_group() to force use of a particular device.
/u/ssoma1/.local/lib/python3.9/site-packages/torch/distributed/distributed_c10d.py:4631: UserWarning: No device id is provided via `init_process_group` or `barrier `. Using the current device set by the user. 
  warnings.warn(  # warn only once
[rank1]:[W711 07:10:40.488813012 ProcessGroupNCCL.cpp:4718] [PG ID 0 PG GUID 0 Rank 1]  using GPU 1 as device used by this process is currently unknown. This can potentially cause a hang if this rank to GPU mapping is incorrect. You can pecify device_id in init_process_group() to force use of a particular device.
wandb: Currently logged in as: saisoma239 (saisoma239-iowa-state-university) to https://api.wandb.ai. Use `wandb login --relogin` to force relogin
wandb: Tracking run with wandb version 0.21.0
wandb: Run data is saved locally in /u/ssoma1/mahdi/Isomorphic-Pruning/wandb/run-20250711_071041-f54ae1xn
wandb: Run `wandb offline` to turn off syncing.
wandb: Syncing run _work_hdd_bewo_mahdi_Isomorphic-Pruning_output_pruned_deit_4.2G_v2.pth
wandb: ⭐️ View project at https://wandb.ai/saisoma239-iowa-state-university/Pruning
wandb: 🚀 View run at https://wandb.ai/saisoma239-iowa-state-university/Pruning/runs/f54ae1xn
Downloading model.safetensors:   0%|          | 0.00/335M [00:00<?, ?B/s]Downloading model.safetensors:   9%|▉         | 31.5M/335M [00:00<00:01, 260MB/s]Downloading model.safetensors:  22%|██▏       | 73.4M/335M [00:00<00:00, 328MB/s]Downloading model.safetensors:  34%|███▍      | 115M/335M [00:00<00:00, 346MB/s] Downloading model.safetensors:  47%|████▋     | 157M/335M [00:00<00:00, 364MB/s]Downloading model.safetensors:  63%|██████▎   | 210M/335M [00:00<00:00, 402MB/s]Downloading model.safetensors:  78%|███████▊  | 262M/335M [00:00<00:00, 430MB/s]Downloading model.safetensors:  94%|█████████▍| 315M/335M [00:00<00:00, 444MB/s]Downloading model.safetensors: 100%|██████████| 335M/335M [00:00<00:00, 403MB/s]
/u/ssoma1/mahdi/Isomorphic-Pruning/train.py:370: FutureWarning: `torch.cuda.amp.GradScaler(args...)` is deprecated. Please use `torch.amp.GradScaler('cuda', args...)` instead.
  scaler = torch.cuda.amp.GradScaler() if args.amp else None
/u/ssoma1/mahdi/Isomorphic-Pruning/train.py:370: FutureWarning: `torch.cuda.amp.GradScaler(args...)` is deprecated. Please use `torch.amp.GradScaler('cuda', args...)` instead.
  scaler = torch.cuda.amp.GradScaler() if args.amp else None
/u/ssoma1/mahdi/Isomorphic-Pruning/train.py:370: FutureWarning: `torch.cuda.amp.GradScaler(args...)` is deprecated. Please use `torch.amp.GradScaler('cuda', args...)` instead.
  scaler = torch.cuda.amp.GradScaler() if args.amp else None
/u/ssoma1/mahdi/Isomorphic-Pruning/train.py:370: FutureWarning: `torch.cuda.amp.GradScaler(args...)` is deprecated. Please use `torch.amp.GradScaler('cuda', args...)` instead.
  scaler = torch.cuda.amp.GradScaler() if args.amp else None
/u/ssoma1/mahdi/Isomorphic-Pruning/train.py:49: FutureWarning: `torch.cuda.amp.autocast(args...)` is deprecated. Please use `torch.amp.autocast('cuda', args...)` instead.
  with torch.cuda.amp.autocast(enabled=scaler is not None):
/u/ssoma1/mahdi/Isomorphic-Pruning/train.py:49: FutureWarning: `torch.cuda.amp.autocast(args...)` is deprecated. Please use `torch.amp.autocast('cuda', args...)` instead.
  with torch.cuda.amp.autocast(enabled=scaler is not None):
/u/ssoma1/mahdi/Isomorphic-Pruning/train.py:49: FutureWarning: `torch.cuda.amp.autocast(args...)` is deprecated. Please use `torch.amp.autocast('cuda', args...)` instead.
  with torch.cuda.amp.autocast(enabled=scaler is not None):
/u/ssoma1/mahdi/Isomorphic-Pruning/train.py:49: FutureWarning: `torch.cuda.amp.autocast(args...)` is deprecated. Please use `torch.amp.autocast('cuda', args...)` instead.
  with torch.cuda.amp.autocast(enabled=scaler is not None):
slurmstepd: error: *** JOB 11000298 ON gpua001 CANCELLED AT 2025-07-11T07:26:20 ***
