/u/ssoma1/.local/lib/python3.9/site-packages/networkx/utils/backends.py:135: RuntimeWarning: networkx backend defined more than once: nx-loopback
  backends.update(_get_backends("networkx.backends"))
Traceback (most recent call last):
  File "/u/ssoma1/mahdi/Isomorphic-Pruning/train.py", line 640, in <module>
    main(args)
  File "/u/ssoma1/mahdi/Isomorphic-Pruning/train.py", line 260, in main
    utils.init_distributed_mode(args)
  File "/u/ssoma1/mahdi/Isomorphic-Pruning/pbench/utils.py", line 265, in init_distributed_mode
    torch.distributed.init_process_group(
  File "/u/ssoma1/.local/lib/python3.9/site-packages/torch/distributed/c10d_logger.py", line 81, in wrapper
    return func(*args, **kwargs)
  File "/u/ssoma1/.local/lib/python3.9/site-packages/torch/distributed/c10d_logger.py", line 95, in wrapper
    func_return = func(*args, **kwargs)
  File "/u/ssoma1/.local/lib/python3.9/site-packages/torch/distributed/distributed_c10d.py", line 1710, in init_process_group
    store, rank, world_size = next(rendezvous_iterator)
  File "/u/ssoma1/.local/lib/python3.9/site-packages/torch/distributed/rendezvous.py", line 274, in _env_rendezvous_handler
    master_addr = _get_env_or_raise("MASTER_ADDR")
  File "/u/ssoma1/.local/lib/python3.9/site-packages/torch/distributed/rendezvous.py", line 252, in _get_env_or_raise
    raise _env_error(env_var)
ValueError: Error initializing torch.distributed using env:// rendezvous: environment variable MASTER_ADDR expected, but not set
